The system is: Linux - 4.15.0-129-generic - x86_64
Compiling the C compiler identification source file "CMakeCCompilerId.c" succeeded.
Compiler: /usr/bin/cc 
Build flags: 
Id flags: 

The output was:
0


Compilation of the C compiler identification source "CMakeCCompilerId.c" produced "a.out"

The C compiler identification is GNU, found in "/home/tanmay/catkin_ws/src/slam_test/pkg_extra/eigen-3.2.10/build/CMakeFiles/3.5.1/CompilerIdC/a.out"

Compiling the CXX compiler identification source file "CMakeCXXCompilerId.cpp" succeeded.
Compiler: /usr/bin/c++ 
Build flags: 
Id flags: 

The output was:
0


Compilation of the CXX compiler identification source "CMakeCXXCompilerId.cpp" produced "a.out"

The CXX compiler identification is GNU, found in "/home/tanmay/catkin_ws/src/slam_test/pkg_extra/eigen-3.2.10/build/CMakeFiles/3.5.1/CompilerIdCXX/a.out"

Determining if the C compiler works passed with the following output:
Change Dir: /home/tanmay/catkin_ws/src/slam_test/pkg_extra/eigen-3.2.10/build/CMakeFiles/CMakeTmp

Run Build Command:"/usr/bin/make" "cmTC_54c13/fast"
/usr/bin/make -f CMakeFiles/cmTC_54c13.dir/build.make CMakeFiles/cmTC_54c13.dir/build
make[1]: Entering directory '/home/tanmay/catkin_ws/src/slam_test/pkg_extra/eigen-3.2.10/build/CMakeFiles/CMakeTmp'
Building C object CMakeFiles/cmTC_54c13.dir/testCCompiler.c.o
/usr/bin/cc     -o CMakeFiles/cmTC_54c13.dir/testCCompiler.c.o   -c /home/tanmay/catkin_ws/src/slam_test/pkg_extra/eigen-3.2.10/build/CMakeFiles/CMakeTmp/testCCompiler.c
Linking C executable cmTC_54c13
/usr/bin/cmake -E cmake_link_script CMakeFiles/cmTC_54c13.dir/link.txt --verbose=1
/usr/bin/cc       CMakeFiles/cmTC_54c13.dir/testCCompiler.c.o  -o cmTC_54c13 -rdynamic 
make[1]: Leaving directory '/home/tanmay/catkin_ws/src/slam_test/pkg_extra/eigen-3.2.10/build/CMakeFiles/CMakeTmp'


Detecting C compiler ABI info compiled with the following output:
Change Dir: /home/tanmay/catkin_ws/src/slam_test/pkg_extra/eigen-3.2.10/build/CMakeFiles/CMakeTmp

Run Build Command:"/usr/bin/make" "cmTC_4e867/fast"
/usr/bin/make -f CMakeFiles/cmTC_4e867.dir/build.make CMakeFiles/cmTC_4e867.dir/build
make[1]: Entering directory '/home/tanmay/catkin_ws/src/slam_test/pkg_extra/eigen-3.2.10/build/CMakeFiles/CMakeTmp'
Building C object CMakeFiles/cmTC_4e867.dir/CMakeCCompilerABI.c.o
/usr/bin/cc     -o CMakeFiles/cmTC_4e867.dir/CMakeCCompilerABI.c.o   -c /usr/share/cmake-3.5/Modules/CMakeCCompilerABI.c
Linking C executable cmTC_4e867
/usr/bin/cmake -E cmake_link_script CMakeFiles/cmTC_4e867.dir/link.txt --verbose=1
/usr/bin/cc      -v CMakeFiles/cmTC_4e867.dir/CMakeCCompilerABI.c.o  -o cmTC_4e867 -rdynamic  
Using built-in specs.
COLLECT_GCC=/usr/bin/cc
COLLECT_LTO_WRAPPER=/usr/lib/gcc/x86_64-linux-gnu/5/lto-wrapper
Target: x86_64-linux-gnu
Configured with: ../src/configure -v --with-pkgversion='Ubuntu 5.4.0-6ubuntu1~16.04.12' --with-bugurl=file:///usr/share/doc/gcc-5/README.Bugs --enable-languages=c,ada,c++,java,go,d,fortran,objc,obj-c++ --prefix=/usr --program-suffix=-5 --enable-shared --enable-linker-build-id --libexecdir=/usr/lib --without-included-gettext --enable-threads=posix --libdir=/usr/lib --enable-nls --with-sysroot=/ --enable-clocale=gnu --enable-libstdcxx-debug --enable-libstdcxx-time=yes --with-default-libstdcxx-abi=new --enable-gnu-unique-object --disable-vtable-verify --enable-libmpx --enable-plugin --with-system-zlib --disable-browser-plugin --enable-java-awt=gtk --enable-gtk-cairo --with-java-home=/usr/lib/jvm/java-1.5.0-gcj-5-amd64/jre --enable-java-home --with-jvm-root-dir=/usr/lib/jvm/java-1.5.0-gcj-5-amd64 --with-jvm-jar-dir=/usr/lib/jvm-exports/java-1.5.0-gcj-5-amd64 --with-arch-directory=amd64 --with-ecj-jar=/usr/share/java/eclipse-ecj.jar --enable-objc-gc --enable-multiarch --disable-werror --with-arch-32=i686 --with-abi=m64 --with-multilib-list=m32,m64,mx32 --enable-multilib --with-tune=generic --enable-checking=release --build=x86_64-linux-gnu --host=x86_64-linux-gnu --target=x86_64-linux-gnu
Thread model: posix
gcc version 5.4.0 20160609 (Ubuntu 5.4.0-6ubuntu1~16.04.12) 
COMPILER_PATH=/usr/lib/gcc/x86_64-linux-gnu/5/:/usr/lib/gcc/x86_64-linux-gnu/5/:/usr/lib/gcc/x86_64-linux-gnu/:/usr/lib/gcc/x86_64-linux-gnu/5/:/usr/lib/gcc/x86_64-linux-gnu/
LIBRARY_PATH=/usr/lib/gcc/x86_64-linux-gnu/5/:/usr/lib/gcc/x86_64-linux-gnu/5/../../../x86_64-linux-gnu/:/usr/lib/gcc/x86_64-linux-gnu/5/../../../../lib/:/lib/x86_64-linux-gnu/:/lib/../lib/:/usr/lib/x86_64-linux-gnu/:/usr/lib/../lib/:/usr/lib/gcc/x86_64-linux-gnu/5/../../../:/lib/:/usr/lib/
COLLECT_GCC_OPTIONS='-v' '-o' 'cmTC_4e867' '-rdynamic' '-mtune=generic' '-march=x86-64'
 /usr/lib/gcc/x86_64-linux-gnu/5/collect2 -plugin /usr/lib/gcc/x86_64-linux-gnu/5/liblto_plugin.so -plugin-opt=/usr/lib/gcc/x86_64-linux-gnu/5/lto-wrapper -plugin-opt=-fresolution=/tmp/ccXzS44T.res -plugin-opt=-pass-through=-lgcc -plugin-opt=-pass-through=-lgcc_s -plugin-opt=-pass-through=-lc -plugin-opt=-pass-through=-lgcc -plugin-opt=-pass-through=-lgcc_s --sysroot=/ --build-id --eh-frame-hdr -m elf_x86_64 --hash-style=gnu --as-needed -export-dynamic -dynamic-linker /lib64/ld-linux-x86-64.so.2 -z relro -o cmTC_4e867 /usr/lib/gcc/x86_64-linux-gnu/5/../../../x86_64-linux-gnu/crt1.o /usr/lib/gcc/x86_64-linux-gnu/5/../../../x86_64-linux-gnu/crti.o /usr/lib/gcc/x86_64-linux-gnu/5/crtbegin.o -L/usr/lib/gcc/x86_64-linux-gnu/5 -L/usr/lib/gcc/x86_64-linux-gnu/5/../../../x86_64-linux-gnu -L/usr/lib/gcc/x86_64-linux-gnu/5/../../../../lib -L/lib/x86_64-linux-gnu -L/lib/../lib -L/usr/lib/x86_64-linux-gnu -L/usr/lib/../lib -L/usr/lib/gcc/x86_64-linux-gnu/5/../../.. CMakeFiles/cmTC_4e867.dir/CMakeCCompilerABI.c.o -lgcc --as-needed -lgcc_s --no-as-needed -lc -lgcc --as-needed -lgcc_s --no-as-needed /usr/lib/gcc/x86_64-linux-gnu/5/crtend.o /usr/lib/gcc/x86_64-linux-gnu/5/../../../x86_64-linux-gnu/crtn.o
make[1]: Leaving directory '/home/tanmay/catkin_ws/src/slam_test/pkg_extra/eigen-3.2.10/build/CMakeFiles/CMakeTmp'


Parsed C implicit link information from above output:
  link line regex: [^( *|.*[/\])(ld|([^/\]+-)?ld|collect2)[^/\]*( |$)]
  ignore line: [Change Dir: /home/tanmay/catkin_ws/src/slam_test/pkg_extra/eigen-3.2.10/build/CMakeFiles/CMakeTmp]
  ignore line: []
  ignore line: [Run Build Command:"/usr/bin/make" "cmTC_4e867/fast"]
  ignore line: [/usr/bin/make -f CMakeFiles/cmTC_4e867.dir/build.make CMakeFiles/cmTC_4e867.dir/build]
  ignore line: [make[1]: Entering directory '/home/tanmay/catkin_ws/src/slam_test/pkg_extra/eigen-3.2.10/build/CMakeFiles/CMakeTmp']
  ignore line: [Building C object CMakeFiles/cmTC_4e867.dir/CMakeCCompilerABI.c.o]
  ignore line: [/usr/bin/cc     -o CMakeFiles/cmTC_4e867.dir/CMakeCCompilerABI.c.o   -c /usr/share/cmake-3.5/Modules/CMakeCCompilerABI.c]
  ignore line: [Linking C executable cmTC_4e867]
  ignore line: [/usr/bin/cmake -E cmake_link_script CMakeFiles/cmTC_4e867.dir/link.txt --verbose=1]
  ignore line: [/usr/bin/cc      -v CMakeFiles/cmTC_4e867.dir/CMakeCCompilerABI.c.o  -o cmTC_4e867 -rdynamic  ]
  ignore line: [Using built-in specs.]
  ignore line: [COLLECT_GCC=/usr/bin/cc]
  ignore line: [COLLECT_LTO_WRAPPER=/usr/lib/gcc/x86_64-linux-gnu/5/lto-wrapper]
  ignore line: [Target: x86_64-linux-gnu]
  ignore line: [Configured with: ../src/configure -v --with-pkgversion='Ubuntu 5.4.0-6ubuntu1~16.04.12' --with-bugurl=file:///usr/share/doc/gcc-5/README.Bugs --enable-languages=c,ada,c++,java,go,d,fortran,objc,obj-c++ --prefix=/usr --program-suffix=-5 --enable-shared --enable-linker-build-id --libexecdir=/usr/lib --without-included-gettext --enable-threads=posix --libdir=/usr/lib --enable-nls --with-sysroot=/ --enable-clocale=gnu --enable-libstdcxx-debug --enable-libstdcxx-time=yes --with-default-libstdcxx-abi=new --enable-gnu-unique-object --disable-vtable-verify --enable-libmpx --enable-plugin --with-system-zlib --disable-browser-plugin --enable-java-awt=gtk --enable-gtk-cairo --with-java-home=/usr/lib/jvm/java-1.5.0-gcj-5-amd64/jre --enable-java-home --with-jvm-root-dir=/usr/lib/jvm/java-1.5.0-gcj-5-amd64 --with-jvm-jar-dir=/usr/lib/jvm-exports/java-1.5.0-gcj-5-amd64 --with-arch-directory=amd64 --with-ecj-jar=/usr/share/java/eclipse-ecj.jar --enable-objc-gc --enable-multiarch --disable-werror --with-arch-32=i686 --with-abi=m64 --with-multilib-list=m32,m64,mx32 --enable-multilib --with-tune=generic --enable-checking=release --build=x86_64-linux-gnu --host=x86_64-linux-gnu --target=x86_64-linux-gnu]
  ignore line: [Thread model: posix]
  ignore line: [gcc version 5.4.0 20160609 (Ubuntu 5.4.0-6ubuntu1~16.04.12) ]
  ignore line: [COMPILER_PATH=/usr/lib/gcc/x86_64-linux-gnu/5/:/usr/lib/gcc/x86_64-linux-gnu/5/:/usr/lib/gcc/x86_64-linux-gnu/:/usr/lib/gcc/x86_64-linux-gnu/5/:/usr/lib/gcc/x86_64-linux-gnu/]
  ignore line: [LIBRARY_PATH=/usr/lib/gcc/x86_64-linux-gnu/5/:/usr/lib/gcc/x86_64-linux-gnu/5/../../../x86_64-linux-gnu/:/usr/lib/gcc/x86_64-linux-gnu/5/../../../../lib/:/lib/x86_64-linux-gnu/:/lib/../lib/:/usr/lib/x86_64-linux-gnu/:/usr/lib/../lib/:/usr/lib/gcc/x86_64-linux-gnu/5/../../../:/lib/:/usr/lib/]
  ignore line: [COLLECT_GCC_OPTIONS='-v' '-o' 'cmTC_4e867' '-rdynamic' '-mtune=generic' '-march=x86-64']
  link line: [ /usr/lib/gcc/x86_64-linux-gnu/5/collect2 -plugin /usr/lib/gcc/x86_64-linux-gnu/5/liblto_plugin.so -plugin-opt=/usr/lib/gcc/x86_64-linux-gnu/5/lto-wrapper -plugin-opt=-fresolution=/tmp/ccXzS44T.res -plugin-opt=-pass-through=-lgcc -plugin-opt=-pass-through=-lgcc_s -plugin-opt=-pass-through=-lc -plugin-opt=-pass-through=-lgcc -plugin-opt=-pass-through=-lgcc_s --sysroot=/ --build-id --eh-frame-hdr -m elf_x86_64 --hash-style=gnu --as-needed -export-dynamic -dynamic-linker /lib64/ld-linux-x86-64.so.2 -z relro -o cmTC_4e867 /usr/lib/gcc/x86_64-linux-gnu/5/../../../x86_64-linux-gnu/crt1.o /usr/lib/gcc/x86_64-linux-gnu/5/../../../x86_64-linux-gnu/crti.o /usr/lib/gcc/x86_64-linux-gnu/5/crtbegin.o -L/usr/lib/gcc/x86_64-linux-gnu/5 -L/usr/lib/gcc/x86_64-linux-gnu/5/../../../x86_64-linux-gnu -L/usr/lib/gcc/x86_64-linux-gnu/5/../../../../lib -L/lib/x86_64-linux-gnu -L/lib/../lib -L/usr/lib/x86_64-linux-gnu -L/usr/lib/../lib -L/usr/lib/gcc/x86_64-linux-gnu/5/../../.. CMakeFiles/cmTC_4e867.dir/CMakeCCompilerABI.c.o -lgcc --as-needed -lgcc_s --no-as-needed -lc -lgcc --as-needed -lgcc_s --no-as-needed /usr/lib/gcc/x86_64-linux-gnu/5/crtend.o /usr/lib/gcc/x86_64-linux-gnu/5/../../../x86_64-linux-gnu/crtn.o]
    arg [/usr/lib/gcc/x86_64-linux-gnu/5/collect2] ==> ignore
    arg [-plugin] ==> ignore
    arg [/usr/lib/gcc/x86_64-linux-gnu/5/liblto_plugin.so] ==> ignore
    arg [-plugin-opt=/usr/lib/gcc/x86_64-linux-gnu/5/lto-wrapper] ==> ignore
    arg [-plugin-opt=-fresolution=/tmp/ccXzS44T.res] ==> ignore
    arg [-plugin-opt=-pass-through=-lgcc] ==> ignore
    arg [-plugin-opt=-pass-through=-lgcc_s] ==> ignore
    arg [-plugin-opt=-pass-through=-lc] ==> ignore
    arg [-plugin-opt=-pass-through=-lgcc] ==> ignore
    arg [-plugin-opt=-pass-through=-lgcc_s] ==> ignore
    arg [--sysroot=/] ==> ignore
    arg [--build-id] ==> ignore
    arg [--eh-frame-hdr] ==> ignore
    arg [-m] ==> ignore
    arg [elf_x86_64] ==> ignore
    arg [--hash-style=gnu] ==> ignore
    arg [--as-needed] ==> ignore
    arg [-export-dynamic] ==> ignore
    arg [-dynamic-linker] ==> ignore
    arg [/lib64/ld-linux-x86-64.so.2] ==> ignore
    arg [-zrelro] ==> ignore
    arg [-o] ==> ignore
    arg [cmTC_4e867] ==> ignore
    arg [/usr/lib/gcc/x86_64-linux-gnu/5/../../../x86_64-linux-gnu/crt1.o] ==> ignore
    arg [/usr/lib/gcc/x86_64-linux-gnu/5/../../../x86_64-linux-gnu/crti.o] ==> ignore
    arg [/usr/lib/gcc/x86_64-linux-gnu/5/crtbegin.o] ==> ignore
    arg [-L/usr/lib/gcc/x86_64-linux-gnu/5] ==> dir [/usr/lib/gcc/x86_64-linux-gnu/5]
    arg [-L/usr/lib/gcc/x86_64-linux-gnu/5/../../../x86_64-linux-gnu] ==> dir [/usr/lib/gcc/x86_64-linux-gnu/5/../../../x86_64-linux-gnu]
    arg [-L/usr/lib/gcc/x86_64-linux-gnu/5/../../../../lib] ==> dir [/usr/lib/gcc/x86_64-linux-gnu/5/../../../../lib]
    arg [-L/lib/x86_64-linux-gnu] ==> dir [/lib/x86_64-linux-gnu]
    arg [-L/lib/../lib] ==> dir [/lib/../lib]
    arg [-L/usr/lib/x86_64-linux-gnu] ==> dir [/usr/lib/x86_64-linux-gnu]
    arg [-L/usr/lib/../lib] ==> dir [/usr/lib/../lib]
    arg [-L/usr/lib/gcc/x86_64-linux-gnu/5/../../..] ==> dir [/usr/lib/gcc/x86_64-linux-gnu/5/../../..]
    arg [CMakeFiles/cmTC_4e867.dir/CMakeCCompilerABI.c.o] ==> ignore
    arg [-lgcc] ==> lib [gcc]
    arg [--as-needed] ==> ignore
    arg [-lgcc_s] ==> lib [gcc_s]
    arg [--no-as-needed] ==> ignore
    arg [-lc] ==> lib [c]
    arg [-lgcc] ==> lib [gcc]
    arg [--as-needed] ==> ignore
    arg [-lgcc_s] ==> lib [gcc_s]
    arg [--no-as-needed] ==> ignore
    arg [/usr/lib/gcc/x86_64-linux-gnu/5/crtend.o] ==> ignore
    arg [/usr/lib/gcc/x86_64-linux-gnu/5/../../../x86_64-linux-gnu/crtn.o] ==> ignore
  remove lib [gcc]
  remove lib [gcc_s]
  remove lib [gcc]
  remove lib [gcc_s]
  collapse library dir [/usr/lib/gcc/x86_64-linux-gnu/5] ==> [/usr/lib/gcc/x86_64-linux-gnu/5]
  collapse library dir [/usr/lib/gcc/x86_64-linux-gnu/5/../../../x86_64-linux-gnu] ==> [/usr/lib/x86_64-linux-gnu]
  collapse library dir [/usr/lib/gcc/x86_64-linux-gnu/5/../../../../lib] ==> [/usr/lib]
  collapse library dir [/lib/x86_64-linux-gnu] ==> [/lib/x86_64-linux-gnu]
  collapse library dir [/lib/../lib] ==> [/lib]
  collapse library dir [/usr/lib/x86_64-linux-gnu] ==> [/usr/lib/x86_64-linux-gnu]
  collapse library dir [/usr/lib/../lib] ==> [/usr/lib]
  collapse library dir [/usr/lib/gcc/x86_64-linux-gnu/5/../../..] ==> [/usr/lib]
  implicit libs: [c]
  implicit dirs: [/usr/lib/gcc/x86_64-linux-gnu/5;/usr/lib/x86_64-linux-gnu;/usr/lib;/lib/x86_64-linux-gnu;/lib]
  implicit fwks: []




Detecting C [-std=c11] compiler features compiled with the following output:
Change Dir: /home/tanmay/catkin_ws/src/slam_test/pkg_extra/eigen-3.2.10/build/CMakeFiles/CMakeTmp

Run Build Command:"/usr/bin/make" "cmTC_4c680/fast"
/usr/bin/make -f CMakeFiles/cmTC_4c680.dir/build.make CMakeFiles/cmTC_4c680.dir/build
make[1]: Entering directory '/home/tanmay/catkin_ws/src/slam_test/pkg_extra/eigen-3.2.10/build/CMakeFiles/CMakeTmp'
Building C object CMakeFiles/cmTC_4c680.dir/feature_tests.c.o
/usr/bin/cc    -std=c11 -o CMakeFiles/cmTC_4c680.dir/feature_tests.c.o   -c /home/tanmay/catkin_ws/src/slam_test/pkg_extra/eigen-3.2.10/build/CMakeFiles/feature_tests.c
Linking C executable cmTC_4c680
/usr/bin/cmake -E cmake_link_script CMakeFiles/cmTC_4c680.dir/link.txt --verbose=1
/usr/bin/cc       CMakeFiles/cmTC_4c680.dir/feature_tests.c.o  -o cmTC_4c680 -rdynamic 
make[1]: Leaving directory '/home/tanmay/catkin_ws/src/slam_test/pkg_extra/eigen-3.2.10/build/CMakeFiles/CMakeTmp'


    Feature record: C_FEATURE:1c_function_prototypes
    Feature record: C_FEATURE:1c_restrict
    Feature record: C_FEATURE:1c_static_assert
    Feature record: C_FEATURE:1c_variadic_macros


Detecting C [-std=c99] compiler features compiled with the following output:
Change Dir: /home/tanmay/catkin_ws/src/slam_test/pkg_extra/eigen-3.2.10/build/CMakeFiles/CMakeTmp

Run Build Command:"/usr/bin/make" "cmTC_33f9b/fast"
/usr/bin/make -f CMakeFiles/cmTC_33f9b.dir/build.make CMakeFiles/cmTC_33f9b.dir/build
make[1]: Entering directory '/home/tanmay/catkin_ws/src/slam_test/pkg_extra/eigen-3.2.10/build/CMakeFiles/CMakeTmp'
Building C object CMakeFiles/cmTC_33f9b.dir/feature_tests.c.o
/usr/bin/cc    -std=c99 -o CMakeFiles/cmTC_33f9b.dir/feature_tests.c.o   -c /home/tanmay/catkin_ws/src/slam_test/pkg_extra/eigen-3.2.10/build/CMakeFiles/feature_tests.c
Linking C executable cmTC_33f9b
/usr/bin/cmake -E cmake_link_script CMakeFiles/cmTC_33f9b.dir/link.txt --verbose=1
/usr/bin/cc       CMakeFiles/cmTC_33f9b.dir/feature_tests.c.o  -o cmTC_33f9b -rdynamic 
make[1]: Leaving directory '/home/tanmay/catkin_ws/src/slam_test/pkg_extra/eigen-3.2.10/build/CMakeFiles/CMakeTmp'


    Feature record: C_FEATURE:1c_function_prototypes
    Feature record: C_FEATURE:1c_restrict
    Feature record: C_FEATURE:0c_static_assert
    Feature record: C_FEATURE:1c_variadic_macros


Detecting C [-std=c90] compiler features compiled with the following output:
Change Dir: /home/tanmay/catkin_ws/src/slam_test/pkg_extra/eigen-3.2.10/build/CMakeFiles/CMakeTmp

Run Build Command:"/usr/bin/make" "cmTC_1dee1/fast"
/usr/bin/make -f CMakeFiles/cmTC_1dee1.dir/build.make CMakeFiles/cmTC_1dee1.dir/build
make[1]: Entering directory '/home/tanmay/catkin_ws/src/slam_test/pkg_extra/eigen-3.2.10/build/CMakeFiles/CMakeTmp'
Building C object CMakeFiles/cmTC_1dee1.dir/feature_tests.c.o
/usr/bin/cc    -std=c90 -o CMakeFiles/cmTC_1dee1.dir/feature_tests.c.o   -c /home/tanmay/catkin_ws/src/slam_test/pkg_extra/eigen-3.2.10/build/CMakeFiles/feature_tests.c
Linking C executable cmTC_1dee1
/usr/bin/cmake -E cmake_link_script CMakeFiles/cmTC_1dee1.dir/link.txt --verbose=1
/usr/bin/cc       CMakeFiles/cmTC_1dee1.dir/feature_tests.c.o  -o cmTC_1dee1 -rdynamic 
make[1]: Leaving directory '/home/tanmay/catkin_ws/src/slam_test/pkg_extra/eigen-3.2.10/build/CMakeFiles/CMakeTmp'


    Feature record: C_FEATURE:1c_function_prototypes
    Feature record: C_FEATURE:0c_restrict
    Feature record: C_FEATURE:0c_static_assert
    Feature record: C_FEATURE:0c_variadic_macros
Determining if the CXX compiler works passed with the following output:
Change Dir: /home/tanmay/catkin_ws/src/slam_test/pkg_extra/eigen-3.2.10/build/CMakeFiles/CMakeTmp

Run Build Command:"/usr/bin/make" "cmTC_187d3/fast"
/usr/bin/make -f CMakeFiles/cmTC_187d3.dir/build.make CMakeFiles/cmTC_187d3.dir/build
make[1]: Entering directory '/home/tanmay/catkin_ws/src/slam_test/pkg_extra/eigen-3.2.10/build/CMakeFiles/CMakeTmp'
Building CXX object CMakeFiles/cmTC_187d3.dir/testCXXCompiler.cxx.o
/usr/bin/c++      -o CMakeFiles/cmTC_187d3.dir/testCXXCompiler.cxx.o -c /home/tanmay/catkin_ws/src/slam_test/pkg_extra/eigen-3.2.10/build/CMakeFiles/CMakeTmp/testCXXCompiler.cxx
Linking CXX executable cmTC_187d3
/usr/bin/cmake -E cmake_link_script CMakeFiles/cmTC_187d3.dir/link.txt --verbose=1
/usr/bin/c++        CMakeFiles/cmTC_187d3.dir/testCXXCompiler.cxx.o  -o cmTC_187d3 -rdynamic 
make[1]: Leaving directory '/home/tanmay/catkin_ws/src/slam_test/pkg_extra/eigen-3.2.10/build/CMakeFiles/CMakeTmp'


Detecting CXX compiler ABI info compiled with the following output:
Change Dir: /home/tanmay/catkin_ws/src/slam_test/pkg_extra/eigen-3.2.10/build/CMakeFiles/CMakeTmp

Run Build Command:"/usr/bin/make" "cmTC_73484/fast"
/usr/bin/make -f CMakeFiles/cmTC_73484.dir/build.make CMakeFiles/cmTC_73484.dir/build
make[1]: Entering directory '/home/tanmay/catkin_ws/src/slam_test/pkg_extra/eigen-3.2.10/build/CMakeFiles/CMakeTmp'
Building CXX object CMakeFiles/cmTC_73484.dir/CMakeCXXCompilerABI.cpp.o
/usr/bin/c++      -o CMakeFiles/cmTC_73484.dir/CMakeCXXCompilerABI.cpp.o -c /usr/share/cmake-3.5/Modules/CMakeCXXCompilerABI.cpp
Linking CXX executable cmTC_73484
/usr/bin/cmake -E cmake_link_script CMakeFiles/cmTC_73484.dir/link.txt --verbose=1
/usr/bin/c++       -v CMakeFiles/cmTC_73484.dir/CMakeCXXCompilerABI.cpp.o  -o cmTC_73484 -rdynamic  
Using built-in specs.
COLLECT_GCC=/usr/bin/c++
COLLECT_LTO_WRAPPER=/usr/lib/gcc/x86_64-linux-gnu/5/lto-wrapper
Target: x86_64-linux-gnu
Configured with: ../src/configure -v --with-pkgversion='Ubuntu 5.4.0-6ubuntu1~16.04.12' --with-bugurl=file:///usr/share/doc/gcc-5/README.Bugs --enable-languages=c,ada,c++,java,go,d,fortran,objc,obj-c++ --prefix=/usr --program-suffix=-5 --enable-shared --enable-linker-build-id --libexecdir=/usr/lib --without-included-gettext --enable-threads=posix --libdir=/usr/lib --enable-nls --with-sysroot=/ --enable-clocale=gnu --enable-libstdcxx-debug --enable-libstdcxx-time=yes --with-default-libstdcxx-abi=new --enable-gnu-unique-object --disable-vtable-verify --enable-libmpx --enable-plugin --with-system-zlib --disable-browser-plugin --enable-java-awt=gtk --enable-gtk-cairo --with-java-home=/usr/lib/jvm/java-1.5.0-gcj-5-amd64/jre --enable-java-home --with-jvm-root-dir=/usr/lib/jvm/java-1.5.0-gcj-5-amd64 --with-jvm-jar-dir=/usr/lib/jvm-exports/java-1.5.0-gcj-5-amd64 --with-arch-directory=amd64 --with-ecj-jar=/usr/share/java/eclipse-ecj.jar --enable-objc-gc --enable-multiarch --disable-werror --with-arch-32=i686 --with-abi=m64 --with-multilib-list=m32,m64,mx32 --enable-multilib --with-tune=generic --enable-checking=release --build=x86_64-linux-gnu --host=x86_64-linux-gnu --target=x86_64-linux-gnu
Thread model: posix
gcc version 5.4.0 20160609 (Ubuntu 5.4.0-6ubuntu1~16.04.12) 
COMPILER_PATH=/usr/lib/gcc/x86_64-linux-gnu/5/:/usr/lib/gcc/x86_64-linux-gnu/5/:/usr/lib/gcc/x86_64-linux-gnu/:/usr/lib/gcc/x86_64-linux-gnu/5/:/usr/lib/gcc/x86_64-linux-gnu/
LIBRARY_PATH=/usr/lib/gcc/x86_64-linux-gnu/5/:/usr/lib/gcc/x86_64-linux-gnu/5/../../../x86_64-linux-gnu/:/usr/lib/gcc/x86_64-linux-gnu/5/../../../../lib/:/lib/x86_64-linux-gnu/:/lib/../lib/:/usr/lib/x86_64-linux-gnu/:/usr/lib/../lib/:/usr/lib/gcc/x86_64-linux-gnu/5/../../../:/lib/:/usr/lib/
COLLECT_GCC_OPTIONS='-v' '-o' 'cmTC_73484' '-rdynamic' '-shared-libgcc' '-mtune=generic' '-march=x86-64'
 /usr/lib/gcc/x86_64-linux-gnu/5/collect2 -plugin /usr/lib/gcc/x86_64-linux-gnu/5/liblto_plugin.so -plugin-opt=/usr/lib/gcc/x86_64-linux-gnu/5/lto-wrapper -plugin-opt=-fresolution=/tmp/ccRkVEVc.res -plugin-opt=-pass-through=-lgcc_s -plugin-opt=-pass-through=-lgcc -plugin-opt=-pass-through=-lc -plugin-opt=-pass-through=-lgcc_s -plugin-opt=-pass-through=-lgcc --sysroot=/ --build-id --eh-frame-hdr -m elf_x86_64 --hash-style=gnu --as-needed -export-dynamic -dynamic-linker /lib64/ld-linux-x86-64.so.2 -z relro -o cmTC_73484 /usr/lib/gcc/x86_64-linux-gnu/5/../../../x86_64-linux-gnu/crt1.o /usr/lib/gcc/x86_64-linux-gnu/5/../../../x86_64-linux-gnu/crti.o /usr/lib/gcc/x86_64-linux-gnu/5/crtbegin.o -L/usr/lib/gcc/x86_64-linux-gnu/5 -L/usr/lib/gcc/x86_64-linux-gnu/5/../../../x86_64-linux-gnu -L/usr/lib/gcc/x86_64-linux-gnu/5/../../../../lib -L/lib/x86_64-linux-gnu -L/lib/../lib -L/usr/lib/x86_64-linux-gnu -L/usr/lib/../lib -L/usr/lib/gcc/x86_64-linux-gnu/5/../../.. CMakeFiles/cmTC_73484.dir/CMakeCXXCompilerABI.cpp.o -lstdc++ -lm -lgcc_s -lgcc -lc -lgcc_s -lgcc /usr/lib/gcc/x86_64-linux-gnu/5/crtend.o /usr/lib/gcc/x86_64-linux-gnu/5/../../../x86_64-linux-gnu/crtn.o
make[1]: Leaving directory '/home/tanmay/catkin_ws/src/slam_test/pkg_extra/eigen-3.2.10/build/CMakeFiles/CMakeTmp'


Parsed CXX implicit link information from above output:
  link line regex: [^( *|.*[/\])(ld|([^/\]+-)?ld|collect2)[^/\]*( |$)]
  ignore line: [Change Dir: /home/tanmay/catkin_ws/src/slam_test/pkg_extra/eigen-3.2.10/build/CMakeFiles/CMakeTmp]
  ignore line: []
  ignore line: [Run Build Command:"/usr/bin/make" "cmTC_73484/fast"]
  ignore line: [/usr/bin/make -f CMakeFiles/cmTC_73484.dir/build.make CMakeFiles/cmTC_73484.dir/build]
  ignore line: [make[1]: Entering directory '/home/tanmay/catkin_ws/src/slam_test/pkg_extra/eigen-3.2.10/build/CMakeFiles/CMakeTmp']
  ignore line: [Building CXX object CMakeFiles/cmTC_73484.dir/CMakeCXXCompilerABI.cpp.o]
  ignore line: [/usr/bin/c++      -o CMakeFiles/cmTC_73484.dir/CMakeCXXCompilerABI.cpp.o -c /usr/share/cmake-3.5/Modules/CMakeCXXCompilerABI.cpp]
  ignore line: [Linking CXX executable cmTC_73484]
  ignore line: [/usr/bin/cmake -E cmake_link_script CMakeFiles/cmTC_73484.dir/link.txt --verbose=1]
  ignore line: [/usr/bin/c++       -v CMakeFiles/cmTC_73484.dir/CMakeCXXCompilerABI.cpp.o  -o cmTC_73484 -rdynamic  ]
  ignore line: [Using built-in specs.]
  ignore line: [COLLECT_GCC=/usr/bin/c++]
  ignore line: [COLLECT_LTO_WRAPPER=/usr/lib/gcc/x86_64-linux-gnu/5/lto-wrapper]
  ignore line: [Target: x86_64-linux-gnu]
  ignore line: [Configured with: ../src/configure -v --with-pkgversion='Ubuntu 5.4.0-6ubuntu1~16.04.12' --with-bugurl=file:///usr/share/doc/gcc-5/README.Bugs --enable-languages=c,ada,c++,java,go,d,fortran,objc,obj-c++ --prefix=/usr --program-suffix=-5 --enable-shared --enable-linker-build-id --libexecdir=/usr/lib --without-included-gettext --enable-threads=posix --libdir=/usr/lib --enable-nls --with-sysroot=/ --enable-clocale=gnu --enable-libstdcxx-debug --enable-libstdcxx-time=yes --with-default-libstdcxx-abi=new --enable-gnu-unique-object --disable-vtable-verify --enable-libmpx --enable-plugin --with-system-zlib --disable-browser-plugin --enable-java-awt=gtk --enable-gtk-cairo --with-java-home=/usr/lib/jvm/java-1.5.0-gcj-5-amd64/jre --enable-java-home --with-jvm-root-dir=/usr/lib/jvm/java-1.5.0-gcj-5-amd64 --with-jvm-jar-dir=/usr/lib/jvm-exports/java-1.5.0-gcj-5-amd64 --with-arch-directory=amd64 --with-ecj-jar=/usr/share/java/eclipse-ecj.jar --enable-objc-gc --enable-multiarch --disable-werror --with-arch-32=i686 --with-abi=m64 --with-multilib-list=m32,m64,mx32 --enable-multilib --with-tune=generic --enable-checking=release --build=x86_64-linux-gnu --host=x86_64-linux-gnu --target=x86_64-linux-gnu]
  ignore line: [Thread model: posix]
  ignore line: [gcc version 5.4.0 20160609 (Ubuntu 5.4.0-6ubuntu1~16.04.12) ]
  ignore line: [COMPILER_PATH=/usr/lib/gcc/x86_64-linux-gnu/5/:/usr/lib/gcc/x86_64-linux-gnu/5/:/usr/lib/gcc/x86_64-linux-gnu/:/usr/lib/gcc/x86_64-linux-gnu/5/:/usr/lib/gcc/x86_64-linux-gnu/]
  ignore line: [LIBRARY_PATH=/usr/lib/gcc/x86_64-linux-gnu/5/:/usr/lib/gcc/x86_64-linux-gnu/5/../../../x86_64-linux-gnu/:/usr/lib/gcc/x86_64-linux-gnu/5/../../../../lib/:/lib/x86_64-linux-gnu/:/lib/../lib/:/usr/lib/x86_64-linux-gnu/:/usr/lib/../lib/:/usr/lib/gcc/x86_64-linux-gnu/5/../../../:/lib/:/usr/lib/]
  ignore line: [COLLECT_GCC_OPTIONS='-v' '-o' 'cmTC_73484' '-rdynamic' '-shared-libgcc' '-mtune=generic' '-march=x86-64']
  link line: [ /usr/lib/gcc/x86_64-linux-gnu/5/collect2 -plugin /usr/lib/gcc/x86_64-linux-gnu/5/liblto_plugin.so -plugin-opt=/usr/lib/gcc/x86_64-linux-gnu/5/lto-wrapper -plugin-opt=-fresolution=/tmp/ccRkVEVc.res -plugin-opt=-pass-through=-lgcc_s -plugin-opt=-pass-through=-lgcc -plugin-opt=-pass-through=-lc -plugin-opt=-pass-through=-lgcc_s -plugin-opt=-pass-through=-lgcc --sysroot=/ --build-id --eh-frame-hdr -m elf_x86_64 --hash-style=gnu --as-needed -export-dynamic -dynamic-linker /lib64/ld-linux-x86-64.so.2 -z relro -o cmTC_73484 /usr/lib/gcc/x86_64-linux-gnu/5/../../../x86_64-linux-gnu/crt1.o /usr/lib/gcc/x86_64-linux-gnu/5/../../../x86_64-linux-gnu/crti.o /usr/lib/gcc/x86_64-linux-gnu/5/crtbegin.o -L/usr/lib/gcc/x86_64-linux-gnu/5 -L/usr/lib/gcc/x86_64-linux-gnu/5/../../../x86_64-linux-gnu -L/usr/lib/gcc/x86_64-linux-gnu/5/../../../../lib -L/lib/x86_64-linux-gnu -L/lib/../lib -L/usr/lib/x86_64-linux-gnu -L/usr/lib/../lib -L/usr/lib/gcc/x86_64-linux-gnu/5/../../.. CMakeFiles/cmTC_73484.dir/CMakeCXXCompilerABI.cpp.o -lstdc++ -lm -lgcc_s -lgcc -lc -lgcc_s -lgcc /usr/lib/gcc/x86_64-linux-gnu/5/crtend.o /usr/lib/gcc/x86_64-linux-gnu/5/../../../x86_64-linux-gnu/crtn.o]
    arg [/usr/lib/gcc/x86_64-linux-gnu/5/collect2] ==> ignore
    arg [-plugin] ==> ignore
    arg [/usr/lib/gcc/x86_64-linux-gnu/5/liblto_plugin.so] ==> ignore
    arg [-plugin-opt=/usr/lib/gcc/x86_64-linux-gnu/5/lto-wrapper] ==> ignore
    arg [-plugin-opt=-fresolution=/tmp/ccRkVEVc.res] ==> ignore
    arg [-plugin-opt=-pass-through=-lgcc_s] ==> ignore
    arg [-plugin-opt=-pass-through=-lgcc] ==> ignore
    arg [-plugin-opt=-pass-through=-lc] ==> ignore
    arg [-plugin-opt=-pass-through=-lgcc_s] ==> ignore
    arg [-plugin-opt=-pass-through=-lgcc] ==> ignore
    arg [--sysroot=/] ==> ignore
    arg [--build-id] ==> ignore
    arg [--eh-frame-hdr] ==> ignore
    arg [-m] ==> ignore
    arg [elf_x86_64] ==> ignore
    arg [--hash-style=gnu] ==> ignore
    arg [--as-needed] ==> ignore
    arg [-export-dynamic] ==> ignore
    arg [-dynamic-linker] ==> ignore
    arg [/lib64/ld-linux-x86-64.so.2] ==> ignore
    arg [-zrelro] ==> ignore
    arg [-o] ==> ignore
    arg [cmTC_73484] ==> ignore
    arg [/usr/lib/gcc/x86_64-linux-gnu/5/../../../x86_64-linux-gnu/crt1.o] ==> ignore
    arg [/usr/lib/gcc/x86_64-linux-gnu/5/../../../x86_64-linux-gnu/crti.o] ==> ignore
    arg [/usr/lib/gcc/x86_64-linux-gnu/5/crtbegin.o] ==> ignore
    arg [-L/usr/lib/gcc/x86_64-linux-gnu/5] ==> dir [/usr/lib/gcc/x86_64-linux-gnu/5]
    arg [-L/usr/lib/gcc/x86_64-linux-gnu/5/../../../x86_64-linux-gnu] ==> dir [/usr/lib/gcc/x86_64-linux-gnu/5/../../../x86_64-linux-gnu]
    arg [-L/usr/lib/gcc/x86_64-linux-gnu/5/../../../../lib] ==> dir [/usr/lib/gcc/x86_64-linux-gnu/5/../../../../lib]
    arg [-L/lib/x86_64-linux-gnu] ==> dir [/lib/x86_64-linux-gnu]
    arg [-L/lib/../lib] ==> dir [/lib/../lib]
    arg [-L/usr/lib/x86_64-linux-gnu] ==> dir [/usr/lib/x86_64-linux-gnu]
    arg [-L/usr/lib/../lib] ==> dir [/usr/lib/../lib]
    arg [-L/usr/lib/gcc/x86_64-linux-gnu/5/../../..] ==> dir [/usr/lib/gcc/x86_64-linux-gnu/5/../../..]
    arg [CMakeFiles/cmTC_73484.dir/CMakeCXXCompilerABI.cpp.o] ==> ignore
    arg [-lstdc++] ==> lib [stdc++]
    arg [-lm] ==> lib [m]
    arg [-lgcc_s] ==> lib [gcc_s]
    arg [-lgcc] ==> lib [gcc]
    arg [-lc] ==> lib [c]
    arg [-lgcc_s] ==> lib [gcc_s]
    arg [-lgcc] ==> lib [gcc]
    arg [/usr/lib/gcc/x86_64-linux-gnu/5/crtend.o] ==> ignore
    arg [/usr/lib/gcc/x86_64-linux-gnu/5/../../../x86_64-linux-gnu/crtn.o] ==> ignore
  remove lib [gcc_s]
  remove lib [gcc]
  remove lib [gcc_s]
  remove lib [gcc]
  collapse library dir [/usr/lib/gcc/x86_64-linux-gnu/5] ==> [/usr/lib/gcc/x86_64-linux-gnu/5]
  collapse library dir [/usr/lib/gcc/x86_64-linux-gnu/5/../../../x86_64-linux-gnu] ==> [/usr/lib/x86_64-linux-gnu]
  collapse library dir [/usr/lib/gcc/x86_64-linux-gnu/5/../../../../lib] ==> [/usr/lib]
  collapse library dir [/lib/x86_64-linux-gnu] ==> [/lib/x86_64-linux-gnu]
  collapse library dir [/lib/../lib] ==> [/lib]
  collapse library dir [/usr/lib/x86_64-linux-gnu] ==> [/usr/lib/x86_64-linux-gnu]
  collapse library dir [/usr/lib/../lib] ==> [/usr/lib]
  collapse library dir [/usr/lib/gcc/x86_64-linux-gnu/5/../../..] ==> [/usr/lib]
  implicit libs: [stdc++;m;c]
  implicit dirs: [/usr/lib/gcc/x86_64-linux-gnu/5;/usr/lib/x86_64-linux-gnu;/usr/lib;/lib/x86_64-linux-gnu;/lib]
  implicit fwks: []




Detecting CXX [-std=c++14] compiler features compiled with the following output:
Change Dir: /home/tanmay/catkin_ws/src/slam_test/pkg_extra/eigen-3.2.10/build/CMakeFiles/CMakeTmp

Run Build Command:"/usr/bin/make" "cmTC_bacbd/fast"
/usr/bin/make -f CMakeFiles/cmTC_bacbd.dir/build.make CMakeFiles/cmTC_bacbd.dir/build
make[1]: Entering directory '/home/tanmay/catkin_ws/src/slam_test/pkg_extra/eigen-3.2.10/build/CMakeFiles/CMakeTmp'
Building CXX object CMakeFiles/cmTC_bacbd.dir/feature_tests.cxx.o
/usr/bin/c++     -std=c++14 -o CMakeFiles/cmTC_bacbd.dir/feature_tests.cxx.o -c /home/tanmay/catkin_ws/src/slam_test/pkg_extra/eigen-3.2.10/build/CMakeFiles/feature_tests.cxx
Linking CXX executable cmTC_bacbd
/usr/bin/cmake -E cmake_link_script CMakeFiles/cmTC_bacbd.dir/link.txt --verbose=1
/usr/bin/c++        CMakeFiles/cmTC_bacbd.dir/feature_tests.cxx.o  -o cmTC_bacbd -rdynamic 
make[1]: Leaving directory '/home/tanmay/catkin_ws/src/slam_test/pkg_extra/eigen-3.2.10/build/CMakeFiles/CMakeTmp'


    Feature record: CXX_FEATURE:1cxx_aggregate_default_initializers
    Feature record: CXX_FEATURE:1cxx_alias_templates
    Feature record: CXX_FEATURE:1cxx_alignas
    Feature record: CXX_FEATURE:1cxx_alignof
    Feature record: CXX_FEATURE:1cxx_attributes
    Feature record: CXX_FEATURE:1cxx_attribute_deprecated
    Feature record: CXX_FEATURE:1cxx_auto_type
    Feature record: CXX_FEATURE:1cxx_binary_literals
    Feature record: CXX_FEATURE:1cxx_constexpr
    Feature record: CXX_FEATURE:1cxx_contextual_conversions
    Feature record: CXX_FEATURE:1cxx_decltype
    Feature record: CXX_FEATURE:1cxx_decltype_auto
    Feature record: CXX_FEATURE:1cxx_decltype_incomplete_return_types
    Feature record: CXX_FEATURE:1cxx_default_function_template_args
    Feature record: CXX_FEATURE:1cxx_defaulted_functions
    Feature record: CXX_FEATURE:1cxx_defaulted_move_initializers
    Feature record: CXX_FEATURE:1cxx_delegating_constructors
    Feature record: CXX_FEATURE:1cxx_deleted_functions
    Feature record: CXX_FEATURE:1cxx_digit_separators
    Feature record: CXX_FEATURE:1cxx_enum_forward_declarations
    Feature record: CXX_FEATURE:1cxx_explicit_conversions
    Feature record: CXX_FEATURE:1cxx_extended_friend_declarations
    Feature record: CXX_FEATURE:1cxx_extern_templates
    Feature record: CXX_FEATURE:1cxx_final
    Feature record: CXX_FEATURE:1cxx_func_identifier
    Feature record: CXX_FEATURE:1cxx_generalized_initializers
    Feature record: CXX_FEATURE:1cxx_generic_lambdas
    Feature record: CXX_FEATURE:1cxx_inheriting_constructors
    Feature record: CXX_FEATURE:1cxx_inline_namespaces
    Feature record: CXX_FEATURE:1cxx_lambdas
    Feature record: CXX_FEATURE:1cxx_lambda_init_captures
    Feature record: CXX_FEATURE:1cxx_local_type_template_args
    Feature record: CXX_FEATURE:1cxx_long_long_type
    Feature record: CXX_FEATURE:1cxx_noexcept
    Feature record: CXX_FEATURE:1cxx_nonstatic_member_init
    Feature record: CXX_FEATURE:1cxx_nullptr
    Feature record: CXX_FEATURE:1cxx_override
    Feature record: CXX_FEATURE:1cxx_range_for
    Feature record: CXX_FEATURE:1cxx_raw_string_literals
    Feature record: CXX_FEATURE:1cxx_reference_qualified_functions
    Feature record: CXX_FEATURE:1cxx_relaxed_constexpr
    Feature record: CXX_FEATURE:1cxx_return_type_deduction
    Feature record: CXX_FEATURE:1cxx_right_angle_brackets
    Feature record: CXX_FEATURE:1cxx_rvalue_references
    Feature record: CXX_FEATURE:1cxx_sizeof_member
    Feature record: CXX_FEATURE:1cxx_static_assert
    Feature record: CXX_FEATURE:1cxx_strong_enums
    Feature record: CXX_FEATURE:1cxx_template_template_parameters
    Feature record: CXX_FEATURE:1cxx_thread_local
    Feature record: CXX_FEATURE:1cxx_trailing_return_types
    Feature record: CXX_FEATURE:1cxx_unicode_literals
    Feature record: CXX_FEATURE:1cxx_uniform_initialization
    Feature record: CXX_FEATURE:1cxx_unrestricted_unions
    Feature record: CXX_FEATURE:1cxx_user_literals
    Feature record: CXX_FEATURE:1cxx_variable_templates
    Feature record: CXX_FEATURE:1cxx_variadic_macros
    Feature record: CXX_FEATURE:1cxx_variadic_templates


Detecting CXX [-std=c++11] compiler features compiled with the following output:
Change Dir: /home/tanmay/catkin_ws/src/slam_test/pkg_extra/eigen-3.2.10/build/CMakeFiles/CMakeTmp

Run Build Command:"/usr/bin/make" "cmTC_16f05/fast"
/usr/bin/make -f CMakeFiles/cmTC_16f05.dir/build.make CMakeFiles/cmTC_16f05.dir/build
make[1]: Entering directory '/home/tanmay/catkin_ws/src/slam_test/pkg_extra/eigen-3.2.10/build/CMakeFiles/CMakeTmp'
Building CXX object CMakeFiles/cmTC_16f05.dir/feature_tests.cxx.o
/usr/bin/c++     -std=c++11 -o CMakeFiles/cmTC_16f05.dir/feature_tests.cxx.o -c /home/tanmay/catkin_ws/src/slam_test/pkg_extra/eigen-3.2.10/build/CMakeFiles/feature_tests.cxx
Linking CXX executable cmTC_16f05
/usr/bin/cmake -E cmake_link_script CMakeFiles/cmTC_16f05.dir/link.txt --verbose=1
/usr/bin/c++        CMakeFiles/cmTC_16f05.dir/feature_tests.cxx.o  -o cmTC_16f05 -rdynamic 
make[1]: Leaving directory '/home/tanmay/catkin_ws/src/slam_test/pkg_extra/eigen-3.2.10/build/CMakeFiles/CMakeTmp'


    Feature record: CXX_FEATURE:0cxx_aggregate_default_initializers
    Feature record: CXX_FEATURE:1cxx_alias_templates
    Feature record: CXX_FEATURE:1cxx_alignas
    Feature record: CXX_FEATURE:1cxx_alignof
    Feature record: CXX_FEATURE:1cxx_attributes
    Feature record: CXX_FEATURE:0cxx_attribute_deprecated
    Feature record: CXX_FEATURE:1cxx_auto_type
    Feature record: CXX_FEATURE:0cxx_binary_literals
    Feature record: CXX_FEATURE:1cxx_constexpr
    Feature record: CXX_FEATURE:0cxx_contextual_conversions
    Feature record: CXX_FEATURE:1cxx_decltype
    Feature record: CXX_FEATURE:0cxx_decltype_auto
    Feature record: CXX_FEATURE:1cxx_decltype_incomplete_return_types
    Feature record: CXX_FEATURE:1cxx_default_function_template_args
    Feature record: CXX_FEATURE:1cxx_defaulted_functions
    Feature record: CXX_FEATURE:1cxx_defaulted_move_initializers
    Feature record: CXX_FEATURE:1cxx_delegating_constructors
    Feature record: CXX_FEATURE:1cxx_deleted_functions
    Feature record: CXX_FEATURE:0cxx_digit_separators
    Feature record: CXX_FEATURE:1cxx_enum_forward_declarations
    Feature record: CXX_FEATURE:1cxx_explicit_conversions
    Feature record: CXX_FEATURE:1cxx_extended_friend_declarations
    Feature record: CXX_FEATURE:1cxx_extern_templates
    Feature record: CXX_FEATURE:1cxx_final
    Feature record: CXX_FEATURE:1cxx_func_identifier
    Feature record: CXX_FEATURE:1cxx_generalized_initializers
    Feature record: CXX_FEATURE:0cxx_generic_lambdas
    Feature record: CXX_FEATURE:1cxx_inheriting_constructors
    Feature record: CXX_FEATURE:1cxx_inline_namespaces
    Feature record: CXX_FEATURE:1cxx_lambdas
    Feature record: CXX_FEATURE:0cxx_lambda_init_captures
    Feature record: CXX_FEATURE:1cxx_local_type_template_args
    Feature record: CXX_FEATURE:1cxx_long_long_type
    Feature record: CXX_FEATURE:1cxx_noexcept
    Feature record: CXX_FEATURE:1cxx_nonstatic_member_init
    Feature record: CXX_FEATURE:1cxx_nullptr
    Feature record: CXX_FEATURE:1cxx_override
    Feature record: CXX_FEATURE:1cxx_range_for
    Feature record: CXX_FEATURE:1cxx_raw_string_literals
    Feature record: CXX_FEATURE:1cxx_reference_qualified_functions
    Feature record: CXX_FEATURE:0cxx_relaxed_constexpr
    Feature record: CXX_FEATURE:0cxx_return_type_deduction
    Feature record: CXX_FEATURE:1cxx_right_angle_brackets
    Feature record: CXX_FEATURE:1cxx_rvalue_references
    Feature record: CXX_FEATURE:1cxx_sizeof_member
    Feature record: CXX_FEATURE:1cxx_static_assert
    Feature record: CXX_FEATURE:1cxx_strong_enums
    Feature record: CXX_FEATURE:1cxx_template_template_parameters
    Feature record: CXX_FEATURE:1cxx_thread_local
    Feature record: CXX_FEATURE:1cxx_trailing_return_types
    Feature record: CXX_FEATURE:1cxx_unicode_literals
    Feature record: CXX_FEATURE:1cxx_uniform_initialization
    Feature record: CXX_FEATURE:1cxx_unrestricted_unions
    Feature record: CXX_FEATURE:1cxx_user_literals
    Feature record: CXX_FEATURE:0cxx_variable_templates
    Feature record: CXX_FEATURE:1cxx_variadic_macros
    Feature record: CXX_FEATURE:1cxx_variadic_templates


Detecting CXX [-std=c++98] compiler features compiled with the following output:
Change Dir: /home/tanmay/catkin_ws/src/slam_test/pkg_extra/eigen-3.2.10/build/CMakeFiles/CMakeTmp

Run Build Command:"/usr/bin/make" "cmTC_74c69/fast"
/usr/bin/make -f CMakeFiles/cmTC_74c69.dir/build.make CMakeFiles/cmTC_74c69.dir/build
make[1]: Entering directory '/home/tanmay/catkin_ws/src/slam_test/pkg_extra/eigen-3.2.10/build/CMakeFiles/CMakeTmp'
Building CXX object CMakeFiles/cmTC_74c69.dir/feature_tests.cxx.o
/usr/bin/c++     -std=c++98 -o CMakeFiles/cmTC_74c69.dir/feature_tests.cxx.o -c /home/tanmay/catkin_ws/src/slam_test/pkg_extra/eigen-3.2.10/build/CMakeFiles/feature_tests.cxx
Linking CXX executable cmTC_74c69
/usr/bin/cmake -E cmake_link_script CMakeFiles/cmTC_74c69.dir/link.txt --verbose=1
/usr/bin/c++        CMakeFiles/cmTC_74c69.dir/feature_tests.cxx.o  -o cmTC_74c69 -rdynamic 
make[1]: Leaving directory '/home/tanmay/catkin_ws/src/slam_test/pkg_extra/eigen-3.2.10/build/CMakeFiles/CMakeTmp'


    Feature record: CXX_FEATURE:0cxx_aggregate_default_initializers
    Feature record: CXX_FEATURE:0cxx_alias_templates
    Feature record: CXX_FEATURE:0cxx_alignas
    Feature record: CXX_FEATURE:0cxx_alignof
    Feature record: CXX_FEATURE:0cxx_attributes
    Feature record: CXX_FEATURE:0cxx_attribute_deprecated
    Feature record: CXX_FEATURE:0cxx_auto_type
    Feature record: CXX_FEATURE:0cxx_binary_literals
    Feature record: CXX_FEATURE:0cxx_constexpr
    Feature record: CXX_FEATURE:0cxx_contextual_conversions
    Feature record: CXX_FEATURE:0cxx_decltype
    Feature record: CXX_FEATURE:0cxx_decltype_auto
    Feature record: CXX_FEATURE:0cxx_decltype_incomplete_return_types
    Feature record: CXX_FEATURE:0cxx_default_function_template_args
    Feature record: CXX_FEATURE:0cxx_defaulted_functions
    Feature record: CXX_FEATURE:0cxx_defaulted_move_initializers
    Feature record: CXX_FEATURE:0cxx_delegating_constructors
    Feature record: CXX_FEATURE:0cxx_deleted_functions
    Feature record: CXX_FEATURE:0cxx_digit_separators
    Feature record: CXX_FEATURE:0cxx_enum_forward_declarations
    Feature record: CXX_FEATURE:0cxx_explicit_conversions
    Feature record: CXX_FEATURE:0cxx_extended_friend_declarations
    Feature record: CXX_FEATURE:0cxx_extern_templates
    Feature record: CXX_FEATURE:0cxx_final
    Feature record: CXX_FEATURE:0cxx_func_identifier
    Feature record: CXX_FEATURE:0cxx_generalized_initializers
    Feature record: CXX_FEATURE:0cxx_generic_lambdas
    Feature record: CXX_FEATURE:0cxx_inheriting_constructors
    Feature record: CXX_FEATURE:0cxx_inline_namespaces
    Feature record: CXX_FEATURE:0cxx_lambdas
    Feature record: CXX_FEATURE:0cxx_lambda_init_captures
    Feature record: CXX_FEATURE:0cxx_local_type_template_args
    Feature record: CXX_FEATURE:0cxx_long_long_type
    Feature record: CXX_FEATURE:0cxx_noexcept
    Feature record: CXX_FEATURE:0cxx_nonstatic_member_init
    Feature record: CXX_FEATURE:0cxx_nullptr
    Feature record: CXX_FEATURE:0cxx_override
    Feature record: CXX_FEATURE:0cxx_range_for
    Feature record: CXX_FEATURE:0cxx_raw_string_literals
    Feature record: CXX_FEATURE:0cxx_reference_qualified_functions
    Feature record: CXX_FEATURE:0cxx_relaxed_constexpr
    Feature record: CXX_FEATURE:0cxx_return_type_deduction
    Feature record: CXX_FEATURE:0cxx_right_angle_brackets
    Feature record: CXX_FEATURE:0cxx_rvalue_references
    Feature record: CXX_FEATURE:0cxx_sizeof_member
    Feature record: CXX_FEATURE:0cxx_static_assert
    Feature record: CXX_FEATURE:0cxx_strong_enums
    Feature record: CXX_FEATURE:1cxx_template_template_parameters
    Feature record: CXX_FEATURE:0cxx_thread_local
    Feature record: CXX_FEATURE:0cxx_trailing_return_types
    Feature record: CXX_FEATURE:0cxx_unicode_literals
    Feature record: CXX_FEATURE:0cxx_uniform_initialization
    Feature record: CXX_FEATURE:0cxx_unrestricted_unions
    Feature record: CXX_FEATURE:0cxx_user_literals
    Feature record: CXX_FEATURE:0cxx_variable_templates
    Feature record: CXX_FEATURE:0cxx_variadic_macros
    Feature record: CXX_FEATURE:0cxx_variadic_templates
Performing C++ SOURCE FILE Test standard_math_library_linked_to_automatically succeeded with the following output:
Change Dir: /home/tanmay/catkin_ws/src/slam_test/pkg_extra/eigen-3.2.10/build/CMakeFiles/CMakeTmp

Run Build Command:"/usr/bin/make" "cmTC_a242b/fast"
/usr/bin/make -f CMakeFiles/cmTC_a242b.dir/build.make CMakeFiles/cmTC_a242b.dir/build
make[1]: Entering directory '/home/tanmay/catkin_ws/src/slam_test/pkg_extra/eigen-3.2.10/build/CMakeFiles/CMakeTmp'
Building CXX object CMakeFiles/cmTC_a242b.dir/src.cxx.o
/usr/bin/c++     -Dstandard_math_library_linked_to_automatically   -o CMakeFiles/cmTC_a242b.dir/src.cxx.o -c /home/tanmay/catkin_ws/src/slam_test/pkg_extra/eigen-3.2.10/build/CMakeFiles/CMakeTmp/src.cxx
Linking CXX executable cmTC_a242b
/usr/bin/cmake -E cmake_link_script CMakeFiles/cmTC_a242b.dir/link.txt --verbose=1
/usr/bin/c++    -Dstandard_math_library_linked_to_automatically    CMakeFiles/cmTC_a242b.dir/src.cxx.o  -o cmTC_a242b -rdynamic 
make[1]: Leaving directory '/home/tanmay/catkin_ws/src/slam_test/pkg_extra/eigen-3.2.10/build/CMakeFiles/CMakeTmp'

Source file was:
#include<cmath>
int main() { std::sin(0.0); std::log(0.0f); }
Performing C++ SOURCE FILE Test COMPILER_SUPPORT_WERROR succeeded with the following output:
Change Dir: /home/tanmay/catkin_ws/src/slam_test/pkg_extra/eigen-3.2.10/build/CMakeFiles/CMakeTmp

Run Build Command:"/usr/bin/make" "cmTC_68e67/fast"
/usr/bin/make -f CMakeFiles/cmTC_68e67.dir/build.make CMakeFiles/cmTC_68e67.dir/build
make[1]: Entering directory '/home/tanmay/catkin_ws/src/slam_test/pkg_extra/eigen-3.2.10/build/CMakeFiles/CMakeTmp'
Building CXX object CMakeFiles/cmTC_68e67.dir/src.cxx.o
/usr/bin/c++     -fexceptions -DCOMPILER_SUPPORT_WERROR   -Werror -o CMakeFiles/cmTC_68e67.dir/src.cxx.o -c /home/tanmay/catkin_ws/src/slam_test/pkg_extra/eigen-3.2.10/build/CMakeFiles/CMakeTmp/src.cxx
Linking CXX executable cmTC_68e67
/usr/bin/cmake -E cmake_link_script CMakeFiles/cmTC_68e67.dir/link.txt --verbose=1
/usr/bin/c++    -fexceptions -DCOMPILER_SUPPORT_WERROR    CMakeFiles/cmTC_68e67.dir/src.cxx.o  -o cmTC_68e67 -rdynamic 
make[1]: Leaving directory '/home/tanmay/catkin_ws/src/slam_test/pkg_extra/eigen-3.2.10/build/CMakeFiles/CMakeTmp'

Source file was:
int main() { return 0; }
Performing C++ SOURCE FILE Test COMPILER_SUPPORT_pedantic succeeded with the following output:
Change Dir: /home/tanmay/catkin_ws/src/slam_test/pkg_extra/eigen-3.2.10/build/CMakeFiles/CMakeTmp

Run Build Command:"/usr/bin/make" "cmTC_01a9d/fast"
/usr/bin/make -f CMakeFiles/cmTC_01a9d.dir/build.make CMakeFiles/cmTC_01a9d.dir/build
make[1]: Entering directory '/home/tanmay/catkin_ws/src/slam_test/pkg_extra/eigen-3.2.10/build/CMakeFiles/CMakeTmp'
Building CXX object CMakeFiles/cmTC_01a9d.dir/src.cxx.o
/usr/bin/c++     -fexceptions -DCOMPILER_SUPPORT_pedantic -Werror   -pedantic -o CMakeFiles/cmTC_01a9d.dir/src.cxx.o -c /home/tanmay/catkin_ws/src/slam_test/pkg_extra/eigen-3.2.10/build/CMakeFiles/CMakeTmp/src.cxx
Linking CXX executable cmTC_01a9d
/usr/bin/cmake -E cmake_link_script CMakeFiles/cmTC_01a9d.dir/link.txt --verbose=1
/usr/bin/c++    -fexceptions -DCOMPILER_SUPPORT_pedantic -Werror    CMakeFiles/cmTC_01a9d.dir/src.cxx.o  -o cmTC_01a9d -rdynamic 
make[1]: Leaving directory '/home/tanmay/catkin_ws/src/slam_test/pkg_extra/eigen-3.2.10/build/CMakeFiles/CMakeTmp'

Source file was:
int main() { return 0; }
Performing C++ SOURCE FILE Test COMPILER_SUPPORT_Wall succeeded with the following output:
Change Dir: /home/tanmay/catkin_ws/src/slam_test/pkg_extra/eigen-3.2.10/build/CMakeFiles/CMakeTmp

Run Build Command:"/usr/bin/make" "cmTC_f94e8/fast"
/usr/bin/make -f CMakeFiles/cmTC_f94e8.dir/build.make CMakeFiles/cmTC_f94e8.dir/build
make[1]: Entering directory '/home/tanmay/catkin_ws/src/slam_test/pkg_extra/eigen-3.2.10/build/CMakeFiles/CMakeTmp'
Building CXX object CMakeFiles/cmTC_f94e8.dir/src.cxx.o
/usr/bin/c++     -fexceptions -pedantic -DCOMPILER_SUPPORT_Wall -Werror   -Wall -o CMakeFiles/cmTC_f94e8.dir/src.cxx.o -c /home/tanmay/catkin_ws/src/slam_test/pkg_extra/eigen-3.2.10/build/CMakeFiles/CMakeTmp/src.cxx
Linking CXX executable cmTC_f94e8
/usr/bin/cmake -E cmake_link_script CMakeFiles/cmTC_f94e8.dir/link.txt --verbose=1
/usr/bin/c++    -fexceptions -pedantic -DCOMPILER_SUPPORT_Wall -Werror    CMakeFiles/cmTC_f94e8.dir/src.cxx.o  -o cmTC_f94e8 -rdynamic 
make[1]: Leaving directory '/home/tanmay/catkin_ws/src/slam_test/pkg_extra/eigen-3.2.10/build/CMakeFiles/CMakeTmp'

Source file was:
int main() { return 0; }
Performing C++ SOURCE FILE Test COMPILER_SUPPORT_Wextra succeeded with the following output:
Change Dir: /home/tanmay/catkin_ws/src/slam_test/pkg_extra/eigen-3.2.10/build/CMakeFiles/CMakeTmp

Run Build Command:"/usr/bin/make" "cmTC_cf77e/fast"
/usr/bin/make -f CMakeFiles/cmTC_cf77e.dir/build.make CMakeFiles/cmTC_cf77e.dir/build
make[1]: Entering directory '/home/tanmay/catkin_ws/src/slam_test/pkg_extra/eigen-3.2.10/build/CMakeFiles/CMakeTmp'
Building CXX object CMakeFiles/cmTC_cf77e.dir/src.cxx.o
/usr/bin/c++     -fexceptions -pedantic -Wall -DCOMPILER_SUPPORT_Wextra -Werror   -Wextra -o CMakeFiles/cmTC_cf77e.dir/src.cxx.o -c /home/tanmay/catkin_ws/src/slam_test/pkg_extra/eigen-3.2.10/build/CMakeFiles/CMakeTmp/src.cxx
Linking CXX executable cmTC_cf77e
/usr/bin/cmake -E cmake_link_script CMakeFiles/cmTC_cf77e.dir/link.txt --verbose=1
/usr/bin/c++    -fexceptions -pedantic -Wall -DCOMPILER_SUPPORT_Wextra -Werror    CMakeFiles/cmTC_cf77e.dir/src.cxx.o  -o cmTC_cf77e -rdynamic 
make[1]: Leaving directory '/home/tanmay/catkin_ws/src/slam_test/pkg_extra/eigen-3.2.10/build/CMakeFiles/CMakeTmp'

Source file was:
int main() { return 0; }
Performing C++ SOURCE FILE Test COMPILER_SUPPORT_Wundef succeeded with the following output:
Change Dir: /home/tanmay/catkin_ws/src/slam_test/pkg_extra/eigen-3.2.10/build/CMakeFiles/CMakeTmp

Run Build Command:"/usr/bin/make" "cmTC_45500/fast"
/usr/bin/make -f CMakeFiles/cmTC_45500.dir/build.make CMakeFiles/cmTC_45500.dir/build
make[1]: Entering directory '/home/tanmay/catkin_ws/src/slam_test/pkg_extra/eigen-3.2.10/build/CMakeFiles/CMakeTmp'
Building CXX object CMakeFiles/cmTC_45500.dir/src.cxx.o
/usr/bin/c++     -fexceptions -pedantic -Wall -Wextra -DCOMPILER_SUPPORT_Wundef -Werror   -Wundef -o CMakeFiles/cmTC_45500.dir/src.cxx.o -c /home/tanmay/catkin_ws/src/slam_test/pkg_extra/eigen-3.2.10/build/CMakeFiles/CMakeTmp/src.cxx
Linking CXX executable cmTC_45500
/usr/bin/cmake -E cmake_link_script CMakeFiles/cmTC_45500.dir/link.txt --verbose=1
/usr/bin/c++    -fexceptions -pedantic -Wall -Wextra -DCOMPILER_SUPPORT_Wundef -Werror    CMakeFiles/cmTC_45500.dir/src.cxx.o  -o cmTC_45500 -rdynamic 
make[1]: Leaving directory '/home/tanmay/catkin_ws/src/slam_test/pkg_extra/eigen-3.2.10/build/CMakeFiles/CMakeTmp'

Source file was:
int main() { return 0; }
Performing C++ SOURCE FILE Test COMPILER_SUPPORT_Wcastalign succeeded with the following output:
Change Dir: /home/tanmay/catkin_ws/src/slam_test/pkg_extra/eigen-3.2.10/build/CMakeFiles/CMakeTmp

Run Build Command:"/usr/bin/make" "cmTC_266d1/fast"
/usr/bin/make -f CMakeFiles/cmTC_266d1.dir/build.make CMakeFiles/cmTC_266d1.dir/build
make[1]: Entering directory '/home/tanmay/catkin_ws/src/slam_test/pkg_extra/eigen-3.2.10/build/CMakeFiles/CMakeTmp'
Building CXX object CMakeFiles/cmTC_266d1.dir/src.cxx.o
/usr/bin/c++     -fexceptions -pedantic -Wall -Wextra -Wundef -DCOMPILER_SUPPORT_Wcastalign -Werror   -Wcast-align -o CMakeFiles/cmTC_266d1.dir/src.cxx.o -c /home/tanmay/catkin_ws/src/slam_test/pkg_extra/eigen-3.2.10/build/CMakeFiles/CMakeTmp/src.cxx
Linking CXX executable cmTC_266d1
/usr/bin/cmake -E cmake_link_script CMakeFiles/cmTC_266d1.dir/link.txt --verbose=1
/usr/bin/c++    -fexceptions -pedantic -Wall -Wextra -Wundef -DCOMPILER_SUPPORT_Wcastalign -Werror    CMakeFiles/cmTC_266d1.dir/src.cxx.o  -o cmTC_266d1 -rdynamic 
make[1]: Leaving directory '/home/tanmay/catkin_ws/src/slam_test/pkg_extra/eigen-3.2.10/build/CMakeFiles/CMakeTmp'

Source file was:
int main() { return 0; }
Performing C++ SOURCE FILE Test COMPILER_SUPPORT_Wcharsubscripts succeeded with the following output:
Change Dir: /home/tanmay/catkin_ws/src/slam_test/pkg_extra/eigen-3.2.10/build/CMakeFiles/CMakeTmp

Run Build Command:"/usr/bin/make" "cmTC_92f66/fast"
/usr/bin/make -f CMakeFiles/cmTC_92f66.dir/build.make CMakeFiles/cmTC_92f66.dir/build
make[1]: Entering directory '/home/tanmay/catkin_ws/src/slam_test/pkg_extra/eigen-3.2.10/build/CMakeFiles/CMakeTmp'
Building CXX object CMakeFiles/cmTC_92f66.dir/src.cxx.o
/usr/bin/c++     -fexceptions -pedantic -Wall -Wextra -Wundef -Wcast-align -DCOMPILER_SUPPORT_Wcharsubscripts -Werror   -Wchar-subscripts -o CMakeFiles/cmTC_92f66.dir/src.cxx.o -c /home/tanmay/catkin_ws/src/slam_test/pkg_extra/eigen-3.2.10/build/CMakeFiles/CMakeTmp/src.cxx
Linking CXX executable cmTC_92f66
/usr/bin/cmake -E cmake_link_script CMakeFiles/cmTC_92f66.dir/link.txt --verbose=1
/usr/bin/c++    -fexceptions -pedantic -Wall -Wextra -Wundef -Wcast-align -DCOMPILER_SUPPORT_Wcharsubscripts -Werror    CMakeFiles/cmTC_92f66.dir/src.cxx.o  -o cmTC_92f66 -rdynamic 
make[1]: Leaving directory '/home/tanmay/catkin_ws/src/slam_test/pkg_extra/eigen-3.2.10/build/CMakeFiles/CMakeTmp'

Source file was:
int main() { return 0; }
Performing C++ SOURCE FILE Test COMPILER_SUPPORT_Wnonvirtualdtor succeeded with the following output:
Change Dir: /home/tanmay/catkin_ws/src/slam_test/pkg_extra/eigen-3.2.10/build/CMakeFiles/CMakeTmp

Run Build Command:"/usr/bin/make" "cmTC_fd3e8/fast"
/usr/bin/make -f CMakeFiles/cmTC_fd3e8.dir/build.make CMakeFiles/cmTC_fd3e8.dir/build
make[1]: Entering directory '/home/tanmay/catkin_ws/src/slam_test/pkg_extra/eigen-3.2.10/build/CMakeFiles/CMakeTmp'
Building CXX object CMakeFiles/cmTC_fd3e8.dir/src.cxx.o
/usr/bin/c++     -fexceptions -pedantic -Wall -Wextra -Wundef -Wcast-align -Wchar-subscripts -DCOMPILER_SUPPORT_Wnonvirtualdtor -Werror   -Wnon-virtual-dtor -o CMakeFiles/cmTC_fd3e8.dir/src.cxx.o -c /home/tanmay/catkin_ws/src/slam_test/pkg_extra/eigen-3.2.10/build/CMakeFiles/CMakeTmp/src.cxx
Linking CXX executable cmTC_fd3e8
/usr/bin/cmake -E cmake_link_script CMakeFiles/cmTC_fd3e8.dir/link.txt --verbose=1
/usr/bin/c++    -fexceptions -pedantic -Wall -Wextra -Wundef -Wcast-align -Wchar-subscripts -DCOMPILER_SUPPORT_Wnonvirtualdtor -Werror    CMakeFiles/cmTC_fd3e8.dir/src.cxx.o  -o cmTC_fd3e8 -rdynamic 
make[1]: Leaving directory '/home/tanmay/catkin_ws/src/slam_test/pkg_extra/eigen-3.2.10/build/CMakeFiles/CMakeTmp'

Source file was:
int main() { return 0; }
Performing C++ SOURCE FILE Test COMPILER_SUPPORT_Wunusedlocaltypedefs succeeded with the following output:
Change Dir: /home/tanmay/catkin_ws/src/slam_test/pkg_extra/eigen-3.2.10/build/CMakeFiles/CMakeTmp

Run Build Command:"/usr/bin/make" "cmTC_e7440/fast"
/usr/bin/make -f CMakeFiles/cmTC_e7440.dir/build.make CMakeFiles/cmTC_e7440.dir/build
make[1]: Entering directory '/home/tanmay/catkin_ws/src/slam_test/pkg_extra/eigen-3.2.10/build/CMakeFiles/CMakeTmp'
Building CXX object CMakeFiles/cmTC_e7440.dir/src.cxx.o
/usr/bin/c++     -fexceptions -pedantic -Wall -Wextra -Wundef -Wcast-align -Wchar-subscripts -Wnon-virtual-dtor -DCOMPILER_SUPPORT_Wunusedlocaltypedefs -Werror   -Wunused-local-typedefs -o CMakeFiles/cmTC_e7440.dir/src.cxx.o -c /home/tanmay/catkin_ws/src/slam_test/pkg_extra/eigen-3.2.10/build/CMakeFiles/CMakeTmp/src.cxx
Linking CXX executable cmTC_e7440
/usr/bin/cmake -E cmake_link_script CMakeFiles/cmTC_e7440.dir/link.txt --verbose=1
/usr/bin/c++    -fexceptions -pedantic -Wall -Wextra -Wundef -Wcast-align -Wchar-subscripts -Wnon-virtual-dtor -DCOMPILER_SUPPORT_Wunusedlocaltypedefs -Werror    CMakeFiles/cmTC_e7440.dir/src.cxx.o  -o cmTC_e7440 -rdynamic 
make[1]: Leaving directory '/home/tanmay/catkin_ws/src/slam_test/pkg_extra/eigen-3.2.10/build/CMakeFiles/CMakeTmp'

Source file was:
int main() { return 0; }
Performing C++ SOURCE FILE Test COMPILER_SUPPORT_Wpointerarith succeeded with the following output:
Change Dir: /home/tanmay/catkin_ws/src/slam_test/pkg_extra/eigen-3.2.10/build/CMakeFiles/CMakeTmp

Run Build Command:"/usr/bin/make" "cmTC_24c27/fast"
/usr/bin/make -f CMakeFiles/cmTC_24c27.dir/build.make CMakeFiles/cmTC_24c27.dir/build
make[1]: Entering directory '/home/tanmay/catkin_ws/src/slam_test/pkg_extra/eigen-3.2.10/build/CMakeFiles/CMakeTmp'
Building CXX object CMakeFiles/cmTC_24c27.dir/src.cxx.o
/usr/bin/c++     -fexceptions -pedantic -Wall -Wextra -Wundef -Wcast-align -Wchar-subscripts -Wnon-virtual-dtor -Wunused-local-typedefs -DCOMPILER_SUPPORT_Wpointerarith -Werror   -Wpointer-arith -o CMakeFiles/cmTC_24c27.dir/src.cxx.o -c /home/tanmay/catkin_ws/src/slam_test/pkg_extra/eigen-3.2.10/build/CMakeFiles/CMakeTmp/src.cxx
Linking CXX executable cmTC_24c27
/usr/bin/cmake -E cmake_link_script CMakeFiles/cmTC_24c27.dir/link.txt --verbose=1
/usr/bin/c++    -fexceptions -pedantic -Wall -Wextra -Wundef -Wcast-align -Wchar-subscripts -Wnon-virtual-dtor -Wunused-local-typedefs -DCOMPILER_SUPPORT_Wpointerarith -Werror    CMakeFiles/cmTC_24c27.dir/src.cxx.o  -o cmTC_24c27 -rdynamic 
make[1]: Leaving directory '/home/tanmay/catkin_ws/src/slam_test/pkg_extra/eigen-3.2.10/build/CMakeFiles/CMakeTmp'

Source file was:
int main() { return 0; }
Performing C++ SOURCE FILE Test COMPILER_SUPPORT_Wwritestrings succeeded with the following output:
Change Dir: /home/tanmay/catkin_ws/src/slam_test/pkg_extra/eigen-3.2.10/build/CMakeFiles/CMakeTmp

Run Build Command:"/usr/bin/make" "cmTC_f4532/fast"
/usr/bin/make -f CMakeFiles/cmTC_f4532.dir/build.make CMakeFiles/cmTC_f4532.dir/build
make[1]: Entering directory '/home/tanmay/catkin_ws/src/slam_test/pkg_extra/eigen-3.2.10/build/CMakeFiles/CMakeTmp'
Building CXX object CMakeFiles/cmTC_f4532.dir/src.cxx.o
/usr/bin/c++     -fexceptions -pedantic -Wall -Wextra -Wundef -Wcast-align -Wchar-subscripts -Wnon-virtual-dtor -Wunused-local-typedefs -Wpointer-arith -DCOMPILER_SUPPORT_Wwritestrings -Werror   -Wwrite-strings -o CMakeFiles/cmTC_f4532.dir/src.cxx.o -c /home/tanmay/catkin_ws/src/slam_test/pkg_extra/eigen-3.2.10/build/CMakeFiles/CMakeTmp/src.cxx
Linking CXX executable cmTC_f4532
/usr/bin/cmake -E cmake_link_script CMakeFiles/cmTC_f4532.dir/link.txt --verbose=1
/usr/bin/c++    -fexceptions -pedantic -Wall -Wextra -Wundef -Wcast-align -Wchar-subscripts -Wnon-virtual-dtor -Wunused-local-typedefs -Wpointer-arith -DCOMPILER_SUPPORT_Wwritestrings -Werror    CMakeFiles/cmTC_f4532.dir/src.cxx.o  -o cmTC_f4532 -rdynamic 
make[1]: Leaving directory '/home/tanmay/catkin_ws/src/slam_test/pkg_extra/eigen-3.2.10/build/CMakeFiles/CMakeTmp'

Source file was:
int main() { return 0; }
Performing C++ SOURCE FILE Test COMPILER_SUPPORT_Wformatsecurity succeeded with the following output:
Change Dir: /home/tanmay/catkin_ws/src/slam_test/pkg_extra/eigen-3.2.10/build/CMakeFiles/CMakeTmp

Run Build Command:"/usr/bin/make" "cmTC_35ec0/fast"
/usr/bin/make -f CMakeFiles/cmTC_35ec0.dir/build.make CMakeFiles/cmTC_35ec0.dir/build
make[1]: Entering directory '/home/tanmay/catkin_ws/src/slam_test/pkg_extra/eigen-3.2.10/build/CMakeFiles/CMakeTmp'
Building CXX object CMakeFiles/cmTC_35ec0.dir/src.cxx.o
/usr/bin/c++     -fexceptions -pedantic -Wall -Wextra -Wundef -Wcast-align -Wchar-subscripts -Wnon-virtual-dtor -Wunused-local-typedefs -Wpointer-arith -Wwrite-strings -DCOMPILER_SUPPORT_Wformatsecurity -Werror   -Wformat-security -o CMakeFiles/cmTC_35ec0.dir/src.cxx.o -c /home/tanmay/catkin_ws/src/slam_test/pkg_extra/eigen-3.2.10/build/CMakeFiles/CMakeTmp/src.cxx
Linking CXX executable cmTC_35ec0
/usr/bin/cmake -E cmake_link_script CMakeFiles/cmTC_35ec0.dir/link.txt --verbose=1
/usr/bin/c++    -fexceptions -pedantic -Wall -Wextra -Wundef -Wcast-align -Wchar-subscripts -Wnon-virtual-dtor -Wunused-local-typedefs -Wpointer-arith -Wwrite-strings -DCOMPILER_SUPPORT_Wformatsecurity -Werror    CMakeFiles/cmTC_35ec0.dir/src.cxx.o  -o cmTC_35ec0 -rdynamic 
make[1]: Leaving directory '/home/tanmay/catkin_ws/src/slam_test/pkg_extra/eigen-3.2.10/build/CMakeFiles/CMakeTmp'

Source file was:
int main() { return 0; }
Performing C++ SOURCE FILE Test COMPILER_SUPPORT_Wnopsabi succeeded with the following output:
Change Dir: /home/tanmay/catkin_ws/src/slam_test/pkg_extra/eigen-3.2.10/build/CMakeFiles/CMakeTmp

Run Build Command:"/usr/bin/make" "cmTC_ef48e/fast"
/usr/bin/make -f CMakeFiles/cmTC_ef48e.dir/build.make CMakeFiles/cmTC_ef48e.dir/build
make[1]: Entering directory '/home/tanmay/catkin_ws/src/slam_test/pkg_extra/eigen-3.2.10/build/CMakeFiles/CMakeTmp'
Building CXX object CMakeFiles/cmTC_ef48e.dir/src.cxx.o
/usr/bin/c++     -fexceptions -pedantic -Wall -Wextra -Wundef -Wcast-align -Wchar-subscripts -Wnon-virtual-dtor -Wunused-local-typedefs -Wpointer-arith -Wwrite-strings -Wformat-security -DCOMPILER_SUPPORT_Wnopsabi -Werror   -Wno-psabi -o CMakeFiles/cmTC_ef48e.dir/src.cxx.o -c /home/tanmay/catkin_ws/src/slam_test/pkg_extra/eigen-3.2.10/build/CMakeFiles/CMakeTmp/src.cxx
Linking CXX executable cmTC_ef48e
/usr/bin/cmake -E cmake_link_script CMakeFiles/cmTC_ef48e.dir/link.txt --verbose=1
/usr/bin/c++    -fexceptions -pedantic -Wall -Wextra -Wundef -Wcast-align -Wchar-subscripts -Wnon-virtual-dtor -Wunused-local-typedefs -Wpointer-arith -Wwrite-strings -Wformat-security -DCOMPILER_SUPPORT_Wnopsabi -Werror    CMakeFiles/cmTC_ef48e.dir/src.cxx.o  -o cmTC_ef48e -rdynamic 
make[1]: Leaving directory '/home/tanmay/catkin_ws/src/slam_test/pkg_extra/eigen-3.2.10/build/CMakeFiles/CMakeTmp'

Source file was:
int main() { return 0; }
Performing C++ SOURCE FILE Test COMPILER_SUPPORT_Wnovariadicmacros succeeded with the following output:
Change Dir: /home/tanmay/catkin_ws/src/slam_test/pkg_extra/eigen-3.2.10/build/CMakeFiles/CMakeTmp

Run Build Command:"/usr/bin/make" "cmTC_0cbd3/fast"
/usr/bin/make -f CMakeFiles/cmTC_0cbd3.dir/build.make CMakeFiles/cmTC_0cbd3.dir/build
make[1]: Entering directory '/home/tanmay/catkin_ws/src/slam_test/pkg_extra/eigen-3.2.10/build/CMakeFiles/CMakeTmp'
Building CXX object CMakeFiles/cmTC_0cbd3.dir/src.cxx.o
/usr/bin/c++     -fexceptions -pedantic -Wall -Wextra -Wundef -Wcast-align -Wchar-subscripts -Wnon-virtual-dtor -Wunused-local-typedefs -Wpointer-arith -Wwrite-strings -Wformat-security -Wno-psabi -DCOMPILER_SUPPORT_Wnovariadicmacros -Werror   -Wno-variadic-macros -o CMakeFiles/cmTC_0cbd3.dir/src.cxx.o -c /home/tanmay/catkin_ws/src/slam_test/pkg_extra/eigen-3.2.10/build/CMakeFiles/CMakeTmp/src.cxx
Linking CXX executable cmTC_0cbd3
/usr/bin/cmake -E cmake_link_script CMakeFiles/cmTC_0cbd3.dir/link.txt --verbose=1
/usr/bin/c++    -fexceptions -pedantic -Wall -Wextra -Wundef -Wcast-align -Wchar-subscripts -Wnon-virtual-dtor -Wunused-local-typedefs -Wpointer-arith -Wwrite-strings -Wformat-security -Wno-psabi -DCOMPILER_SUPPORT_Wnovariadicmacros -Werror    CMakeFiles/cmTC_0cbd3.dir/src.cxx.o  -o cmTC_0cbd3 -rdynamic 
make[1]: Leaving directory '/home/tanmay/catkin_ws/src/slam_test/pkg_extra/eigen-3.2.10/build/CMakeFiles/CMakeTmp'

Source file was:
int main() { return 0; }
Performing C++ SOURCE FILE Test COMPILER_SUPPORT_Wnolonglong succeeded with the following output:
Change Dir: /home/tanmay/catkin_ws/src/slam_test/pkg_extra/eigen-3.2.10/build/CMakeFiles/CMakeTmp

Run Build Command:"/usr/bin/make" "cmTC_1fc4c/fast"
/usr/bin/make -f CMakeFiles/cmTC_1fc4c.dir/build.make CMakeFiles/cmTC_1fc4c.dir/build
make[1]: Entering directory '/home/tanmay/catkin_ws/src/slam_test/pkg_extra/eigen-3.2.10/build/CMakeFiles/CMakeTmp'
Building CXX object CMakeFiles/cmTC_1fc4c.dir/src.cxx.o
/usr/bin/c++     -fexceptions -pedantic -Wall -Wextra -Wundef -Wcast-align -Wchar-subscripts -Wnon-virtual-dtor -Wunused-local-typedefs -Wpointer-arith -Wwrite-strings -Wformat-security -Wno-psabi -Wno-variadic-macros -DCOMPILER_SUPPORT_Wnolonglong -Werror   -Wno-long-long -o CMakeFiles/cmTC_1fc4c.dir/src.cxx.o -c /home/tanmay/catkin_ws/src/slam_test/pkg_extra/eigen-3.2.10/build/CMakeFiles/CMakeTmp/src.cxx
Linking CXX executable cmTC_1fc4c
/usr/bin/cmake -E cmake_link_script CMakeFiles/cmTC_1fc4c.dir/link.txt --verbose=1
/usr/bin/c++    -fexceptions -pedantic -Wall -Wextra -Wundef -Wcast-align -Wchar-subscripts -Wnon-virtual-dtor -Wunused-local-typedefs -Wpointer-arith -Wwrite-strings -Wformat-security -Wno-psabi -Wno-variadic-macros -DCOMPILER_SUPPORT_Wnolonglong -Werror    CMakeFiles/cmTC_1fc4c.dir/src.cxx.o  -o cmTC_1fc4c -rdynamic 
make[1]: Leaving directory '/home/tanmay/catkin_ws/src/slam_test/pkg_extra/eigen-3.2.10/build/CMakeFiles/CMakeTmp'

Source file was:
int main() { return 0; }
Performing C++ SOURCE FILE Test COMPILER_SUPPORT_fnochecknew succeeded with the following output:
Change Dir: /home/tanmay/catkin_ws/src/slam_test/pkg_extra/eigen-3.2.10/build/CMakeFiles/CMakeTmp

Run Build Command:"/usr/bin/make" "cmTC_8f88f/fast"
/usr/bin/make -f CMakeFiles/cmTC_8f88f.dir/build.make CMakeFiles/cmTC_8f88f.dir/build
make[1]: Entering directory '/home/tanmay/catkin_ws/src/slam_test/pkg_extra/eigen-3.2.10/build/CMakeFiles/CMakeTmp'
Building CXX object CMakeFiles/cmTC_8f88f.dir/src.cxx.o
/usr/bin/c++     -fexceptions -pedantic -Wall -Wextra -Wundef -Wcast-align -Wchar-subscripts -Wnon-virtual-dtor -Wunused-local-typedefs -Wpointer-arith -Wwrite-strings -Wformat-security -Wno-psabi -Wno-variadic-macros -Wno-long-long -DCOMPILER_SUPPORT_fnochecknew -Werror   -fno-check-new -o CMakeFiles/cmTC_8f88f.dir/src.cxx.o -c /home/tanmay/catkin_ws/src/slam_test/pkg_extra/eigen-3.2.10/build/CMakeFiles/CMakeTmp/src.cxx
Linking CXX executable cmTC_8f88f
/usr/bin/cmake -E cmake_link_script CMakeFiles/cmTC_8f88f.dir/link.txt --verbose=1
/usr/bin/c++    -fexceptions -pedantic -Wall -Wextra -Wundef -Wcast-align -Wchar-subscripts -Wnon-virtual-dtor -Wunused-local-typedefs -Wpointer-arith -Wwrite-strings -Wformat-security -Wno-psabi -Wno-variadic-macros -Wno-long-long -DCOMPILER_SUPPORT_fnochecknew -Werror    CMakeFiles/cmTC_8f88f.dir/src.cxx.o  -o cmTC_8f88f -rdynamic 
make[1]: Leaving directory '/home/tanmay/catkin_ws/src/slam_test/pkg_extra/eigen-3.2.10/build/CMakeFiles/CMakeTmp'

Source file was:
int main() { return 0; }
Performing C++ SOURCE FILE Test COMPILER_SUPPORT_fnocommon succeeded with the following output:
Change Dir: /home/tanmay/catkin_ws/src/slam_test/pkg_extra/eigen-3.2.10/build/CMakeFiles/CMakeTmp

Run Build Command:"/usr/bin/make" "cmTC_aaa65/fast"
/usr/bin/make -f CMakeFiles/cmTC_aaa65.dir/build.make CMakeFiles/cmTC_aaa65.dir/build
make[1]: Entering directory '/home/tanmay/catkin_ws/src/slam_test/pkg_extra/eigen-3.2.10/build/CMakeFiles/CMakeTmp'
Building CXX object CMakeFiles/cmTC_aaa65.dir/src.cxx.o
/usr/bin/c++     -fexceptions -pedantic -Wall -Wextra -Wundef -Wcast-align -Wchar-subscripts -Wnon-virtual-dtor -Wunused-local-typedefs -Wpointer-arith -Wwrite-strings -Wformat-security -Wno-psabi -Wno-variadic-macros -Wno-long-long -fno-check-new -DCOMPILER_SUPPORT_fnocommon -Werror   -fno-common -o CMakeFiles/cmTC_aaa65.dir/src.cxx.o -c /home/tanmay/catkin_ws/src/slam_test/pkg_extra/eigen-3.2.10/build/CMakeFiles/CMakeTmp/src.cxx
Linking CXX executable cmTC_aaa65
/usr/bin/cmake -E cmake_link_script CMakeFiles/cmTC_aaa65.dir/link.txt --verbose=1
/usr/bin/c++    -fexceptions -pedantic -Wall -Wextra -Wundef -Wcast-align -Wchar-subscripts -Wnon-virtual-dtor -Wunused-local-typedefs -Wpointer-arith -Wwrite-strings -Wformat-security -Wno-psabi -Wno-variadic-macros -Wno-long-long -fno-check-new -DCOMPILER_SUPPORT_fnocommon -Werror    CMakeFiles/cmTC_aaa65.dir/src.cxx.o  -o cmTC_aaa65 -rdynamic 
make[1]: Leaving directory '/home/tanmay/catkin_ws/src/slam_test/pkg_extra/eigen-3.2.10/build/CMakeFiles/CMakeTmp'

Source file was:
int main() { return 0; }
Performing C++ SOURCE FILE Test COMPILER_SUPPORT_fstrictaliasing succeeded with the following output:
Change Dir: /home/tanmay/catkin_ws/src/slam_test/pkg_extra/eigen-3.2.10/build/CMakeFiles/CMakeTmp

Run Build Command:"/usr/bin/make" "cmTC_816c8/fast"
/usr/bin/make -f CMakeFiles/cmTC_816c8.dir/build.make CMakeFiles/cmTC_816c8.dir/build
make[1]: Entering directory '/home/tanmay/catkin_ws/src/slam_test/pkg_extra/eigen-3.2.10/build/CMakeFiles/CMakeTmp'
Building CXX object CMakeFiles/cmTC_816c8.dir/src.cxx.o
/usr/bin/c++     -fexceptions -pedantic -Wall -Wextra -Wundef -Wcast-align -Wchar-subscripts -Wnon-virtual-dtor -Wunused-local-typedefs -Wpointer-arith -Wwrite-strings -Wformat-security -Wno-psabi -Wno-variadic-macros -Wno-long-long -fno-check-new -fno-common -DCOMPILER_SUPPORT_fstrictaliasing -Werror   -fstrict-aliasing -o CMakeFiles/cmTC_816c8.dir/src.cxx.o -c /home/tanmay/catkin_ws/src/slam_test/pkg_extra/eigen-3.2.10/build/CMakeFiles/CMakeTmp/src.cxx
Linking CXX executable cmTC_816c8
/usr/bin/cmake -E cmake_link_script CMakeFiles/cmTC_816c8.dir/link.txt --verbose=1
/usr/bin/c++    -fexceptions -pedantic -Wall -Wextra -Wundef -Wcast-align -Wchar-subscripts -Wnon-virtual-dtor -Wunused-local-typedefs -Wpointer-arith -Wwrite-strings -Wformat-security -Wno-psabi -Wno-variadic-macros -Wno-long-long -fno-check-new -fno-common -DCOMPILER_SUPPORT_fstrictaliasing -Werror    CMakeFiles/cmTC_816c8.dir/src.cxx.o  -o cmTC_816c8 -rdynamic 
make[1]: Leaving directory '/home/tanmay/catkin_ws/src/slam_test/pkg_extra/eigen-3.2.10/build/CMakeFiles/CMakeTmp'

Source file was:
int main() { return 0; }
Performing C++ SOURCE FILE Test COMPILER_SUPPORT_ansi succeeded with the following output:
Change Dir: /home/tanmay/catkin_ws/src/slam_test/pkg_extra/eigen-3.2.10/build/CMakeFiles/CMakeTmp

Run Build Command:"/usr/bin/make" "cmTC_24591/fast"
/usr/bin/make -f CMakeFiles/cmTC_24591.dir/build.make CMakeFiles/cmTC_24591.dir/build
make[1]: Entering directory '/home/tanmay/catkin_ws/src/slam_test/pkg_extra/eigen-3.2.10/build/CMakeFiles/CMakeTmp'
Building CXX object CMakeFiles/cmTC_24591.dir/src.cxx.o
/usr/bin/c++     -fexceptions -pedantic -Wall -Wextra -Wundef -Wcast-align -Wchar-subscripts -Wnon-virtual-dtor -Wunused-local-typedefs -Wpointer-arith -Wwrite-strings -Wformat-security -Wno-psabi -Wno-variadic-macros -Wno-long-long -fno-check-new -fno-common -fstrict-aliasing -DCOMPILER_SUPPORT_ansi -Werror   -ansi -o CMakeFiles/cmTC_24591.dir/src.cxx.o -c /home/tanmay/catkin_ws/src/slam_test/pkg_extra/eigen-3.2.10/build/CMakeFiles/CMakeTmp/src.cxx
Linking CXX executable cmTC_24591
/usr/bin/cmake -E cmake_link_script CMakeFiles/cmTC_24591.dir/link.txt --verbose=1
/usr/bin/c++    -fexceptions -pedantic -Wall -Wextra -Wundef -Wcast-align -Wchar-subscripts -Wnon-virtual-dtor -Wunused-local-typedefs -Wpointer-arith -Wwrite-strings -Wformat-security -Wno-psabi -Wno-variadic-macros -Wno-long-long -fno-check-new -fno-common -fstrict-aliasing -DCOMPILER_SUPPORT_ansi -Werror    CMakeFiles/cmTC_24591.dir/src.cxx.o  -o cmTC_24591 -rdynamic 
make[1]: Leaving directory '/home/tanmay/catkin_ws/src/slam_test/pkg_extra/eigen-3.2.10/build/CMakeFiles/CMakeTmp'

Source file was:
int main() { return 0; }
Performing C++ SOURCE FILE Test COMPILER_SUPPORT_OPENMP succeeded with the following output:
Change Dir: /home/tanmay/catkin_ws/src/slam_test/pkg_extra/eigen-3.2.10/build/CMakeFiles/CMakeTmp

Run Build Command:"/usr/bin/make" "cmTC_e722c/fast"
/usr/bin/make -f CMakeFiles/cmTC_e722c.dir/build.make CMakeFiles/cmTC_e722c.dir/build
make[1]: Entering directory '/home/tanmay/catkin_ws/src/slam_test/pkg_extra/eigen-3.2.10/build/CMakeFiles/CMakeTmp'
Building CXX object CMakeFiles/cmTC_e722c.dir/src.cxx.o
/usr/bin/c++     -fexceptions -pedantic -Wall -Wextra -Wundef -Wcast-align -Wchar-subscripts -Wnon-virtual-dtor -Wunused-local-typedefs -Wpointer-arith -Wwrite-strings -Wformat-security -Wno-psabi -Wno-variadic-macros -Wno-long-long -fno-check-new -fno-common -fstrict-aliasing -ansi -DCOMPILER_SUPPORT_OPENMP   -fopenmp -o CMakeFiles/cmTC_e722c.dir/src.cxx.o -c /home/tanmay/catkin_ws/src/slam_test/pkg_extra/eigen-3.2.10/build/CMakeFiles/CMakeTmp/src.cxx
Linking CXX executable cmTC_e722c
/usr/bin/cmake -E cmake_link_script CMakeFiles/cmTC_e722c.dir/link.txt --verbose=1
/usr/bin/c++    -fexceptions -pedantic -Wall -Wextra -Wundef -Wcast-align -Wchar-subscripts -Wnon-virtual-dtor -Wunused-local-typedefs -Wpointer-arith -Wwrite-strings -Wformat-security -Wno-psabi -Wno-variadic-macros -Wno-long-long -fno-check-new -fno-common -fstrict-aliasing -ansi -DCOMPILER_SUPPORT_OPENMP    CMakeFiles/cmTC_e722c.dir/src.cxx.o  -o cmTC_e722c -rdynamic 
make[1]: Leaving directory '/home/tanmay/catkin_ws/src/slam_test/pkg_extra/eigen-3.2.10/build/CMakeFiles/CMakeTmp'

Source file was:
int main() { return 0; }
Determining if the Q_WS_X11 exist passed with the following output:
Change Dir: /home/tanmay/catkin_ws/src/slam_test/pkg_extra/eigen-3.2.10/build/CMakeFiles/CMakeTmp

Run Build Command:"/usr/bin/make" "cmTC_d5ac3/fast"
/usr/bin/make -f CMakeFiles/cmTC_d5ac3.dir/build.make CMakeFiles/cmTC_d5ac3.dir/build
make[1]: Entering directory '/home/tanmay/catkin_ws/src/slam_test/pkg_extra/eigen-3.2.10/build/CMakeFiles/CMakeTmp'
Building CXX object CMakeFiles/cmTC_d5ac3.dir/CheckSymbolExists.cxx.o
/usr/bin/c++    -I/usr/include/qt4  -fexceptions -pedantic -Wall -Wextra -Wundef -Wcast-align -Wchar-subscripts -Wnon-virtual-dtor -Wunused-local-typedefs -Wpointer-arith -Wwrite-strings -Wformat-security -Wno-psabi -Wno-variadic-macros -Wno-long-long -fno-check-new -fno-common -fstrict-aliasing -ansi -O1 -g1    -o CMakeFiles/cmTC_d5ac3.dir/CheckSymbolExists.cxx.o -c /home/tanmay/catkin_ws/src/slam_test/pkg_extra/eigen-3.2.10/build/CMakeFiles/CMakeTmp/CheckSymbolExists.cxx
Linking CXX executable cmTC_d5ac3
/usr/bin/cmake -E cmake_link_script CMakeFiles/cmTC_d5ac3.dir/link.txt --verbose=1
/usr/bin/c++    -fexceptions -pedantic -Wall -Wextra -Wundef -Wcast-align -Wchar-subscripts -Wnon-virtual-dtor -Wunused-local-typedefs -Wpointer-arith -Wwrite-strings -Wformat-security -Wno-psabi -Wno-variadic-macros -Wno-long-long -fno-check-new -fno-common -fstrict-aliasing -ansi -O1 -g1     CMakeFiles/cmTC_d5ac3.dir/CheckSymbolExists.cxx.o  -o cmTC_d5ac3 -rdynamic 
make[1]: Leaving directory '/home/tanmay/catkin_ws/src/slam_test/pkg_extra/eigen-3.2.10/build/CMakeFiles/CMakeTmp'

File /home/tanmay/catkin_ws/src/slam_test/pkg_extra/eigen-3.2.10/build/CMakeFiles/CMakeTmp/CheckSymbolExists.cxx:
/* */
#include <QtCore/qglobal.h>

int main(int argc, char** argv)
{
  (void)argv;
#ifndef Q_WS_X11
  return ((int*)(&Q_WS_X11))[argc];
#else
  (void)argc;
  return 0;
#endif
}

Compiling the Fortran compiler identification source file "CMakeFortranCompilerId.F" succeeded.
Compiler: /usr/bin/gfortran 
Build flags: 
Id flags: -v

The output was:
0
Driving: /usr/bin/gfortran -v CMakeFortranCompilerId.F -l gfortran -l m -shared-libgcc
Using built-in specs.
COLLECT_GCC=/usr/bin/gfortran
COLLECT_LTO_WRAPPER=/usr/lib/gcc/x86_64-linux-gnu/5/lto-wrapper
Target: x86_64-linux-gnu
Configured with: ../src/configure -v --with-pkgversion='Ubuntu 5.4.0-6ubuntu1~16.04.12' --with-bugurl=file:///usr/share/doc/gcc-5/README.Bugs --enable-languages=c,ada,c++,java,go,d,fortran,objc,obj-c++ --prefix=/usr --program-suffix=-5 --enable-shared --enable-linker-build-id --libexecdir=/usr/lib --without-included-gettext --enable-threads=posix --libdir=/usr/lib --enable-nls --with-sysroot=/ --enable-clocale=gnu --enable-libstdcxx-debug --enable-libstdcxx-time=yes --with-default-libstdcxx-abi=new --enable-gnu-unique-object --disable-vtable-verify --enable-libmpx --enable-plugin --with-system-zlib --disable-browser-plugin --enable-java-awt=gtk --enable-gtk-cairo --with-java-home=/usr/lib/jvm/java-1.5.0-gcj-5-amd64/jre --enable-java-home --with-jvm-root-dir=/usr/lib/jvm/java-1.5.0-gcj-5-amd64 --with-jvm-jar-dir=/usr/lib/jvm-exports/java-1.5.0-gcj-5-amd64 --with-arch-directory=amd64 --with-ecj-jar=/usr/share/java/eclipse-ecj.jar --enable-objc-gc --enable-multiarch --disable-werror --with-arch-32=i686 --with-abi=m64 --with-multilib-list=m32,m64,mx32 --enable-multilib --with-tune=generic --enable-checking=release --build=x86_64-linux-gnu --host=x86_64-linux-gnu --target=x86_64-linux-gnu
Thread model: posix
gcc version 5.4.0 20160609 (Ubuntu 5.4.0-6ubuntu1~16.04.12) 
COLLECT_GCC_OPTIONS='-v' '-shared-libgcc' '-mtune=generic' '-march=x86-64'
 /usr/lib/gcc/x86_64-linux-gnu/5/f951 CMakeFortranCompilerId.F -ffixed-form -cpp=/tmp/ccTFtgO0.f90 -quiet -v -imultiarch x86_64-linux-gnu CMakeFortranCompilerId.F -quiet -dumpbase CMakeFortranCompilerId.F -mtune=generic -march=x86-64 -auxbase CMakeFortranCompilerId -version -fintrinsic-modules-path /usr/lib/gcc/x86_64-linux-gnu/5/finclude -o /tmp/ccjAUrmb.s
GNU Fortran (Ubuntu 5.4.0-6ubuntu1~16.04.12) version 5.4.0 20160609 (x86_64-linux-gnu)
	compiled by GNU C version 5.4.0 20160609, GMP version 6.1.0, MPFR version 3.1.4, MPC version 1.0.3
GGC heuristics: --param ggc-min-expand=100 --param ggc-min-heapsize=131072
ignoring nonexistent directory "/usr/local/include/x86_64-linux-gnu"
ignoring nonexistent directory "/usr/lib/gcc/x86_64-linux-gnu/5/../../../../x86_64-linux-gnu/include"
#include "..." search starts here:
#include <...> search starts here:
 /usr/lib/gcc/x86_64-linux-gnu/5/finclude
 /usr/lib/gcc/x86_64-linux-gnu/5/include
 /usr/local/include
 /usr/lib/gcc/x86_64-linux-gnu/5/include-fixed
 /usr/include/x86_64-linux-gnu
 /usr/include
End of search list.
GNU Fortran2008 (Ubuntu 5.4.0-6ubuntu1~16.04.12) version 5.4.0 20160609 (x86_64-linux-gnu)
	compiled by GNU C version 5.4.0 20160609, GMP version 6.1.0, MPFR version 3.1.4, MPC version 1.0.3
GGC heuristics: --param ggc-min-expand=100 --param ggc-min-heapsize=131072
COLLECT_GCC_OPTIONS='-v' '-shared-libgcc' '-mtune=generic' '-march=x86-64'
 as -v --64 -o /tmp/cctXItWl.o /tmp/ccjAUrmb.s
GNU assembler version 2.26.1 (x86_64-linux-gnu) using BFD version (GNU Binutils for Ubuntu) 2.26.1
Reading specs from /usr/lib/gcc/x86_64-linux-gnu/5/libgfortran.spec
rename spec lib to liborig
COLLECT_GCC_OPTIONS='-v' '-shared-libgcc' '-mtune=generic' '-march=x86-64'
COMPILER_PATH=/usr/lib/gcc/x86_64-linux-gnu/5/:/usr/lib/gcc/x86_64-linux-gnu/5/:/usr/lib/gcc/x86_64-linux-gnu/:/usr/lib/gcc/x86_64-linux-gnu/5/:/usr/lib/gcc/x86_64-linux-gnu/
LIBRARY_PATH=/usr/lib/gcc/x86_64-linux-gnu/5/:/usr/lib/gcc/x86_64-linux-gnu/5/../../../x86_64-linux-gnu/:/usr/lib/gcc/x86_64-linux-gnu/5/../../../../lib/:/lib/x86_64-linux-gnu/:/lib/../lib/:/usr/lib/x86_64-linux-gnu/:/usr/lib/../lib/:/usr/lib/gcc/x86_64-linux-gnu/5/../../../:/lib/:/usr/lib/
COLLECT_GCC_OPTIONS='-v' '-shared-libgcc' '-mtune=generic' '-march=x86-64'
 /usr/lib/gcc/x86_64-linux-gnu/5/collect2 -plugin /usr/lib/gcc/x86_64-linux-gnu/5/liblto_plugin.so -plugin-opt=/usr/lib/gcc/x86_64-linux-gnu/5/lto-wrapper -plugin-opt=-fresolution=/tmp/ccLjT5ww.res -plugin-opt=-pass-through=-lgcc_s -plugin-opt=-pass-through=-lgcc -plugin-opt=-pass-through=-lquadmath -plugin-opt=-pass-through=-lm -plugin-opt=-pass-through=-lgcc_s -plugin-opt=-pass-through=-lgcc -plugin-opt=-pass-through=-lc -plugin-opt=-pass-through=-lgcc_s -plugin-opt=-pass-through=-lgcc --sysroot=/ --build-id --eh-frame-hdr -m elf_x86_64 --hash-style=gnu --as-needed -dynamic-linker /lib64/ld-linux-x86-64.so.2 -z relro /usr/lib/gcc/x86_64-linux-gnu/5/../../../x86_64-linux-gnu/crt1.o /usr/lib/gcc/x86_64-linux-gnu/5/../../../x86_64-linux-gnu/crti.o /usr/lib/gcc/x86_64-linux-gnu/5/crtbegin.o -L/usr/lib/gcc/x86_64-linux-gnu/5 -L/usr/lib/gcc/x86_64-linux-gnu/5/../../../x86_64-linux-gnu -L/usr/lib/gcc/x86_64-linux-gnu/5/../../../../lib -L/lib/x86_64-linux-gnu -L/lib/../lib -L/usr/lib/x86_64-linux-gnu -L/usr/lib/../lib -L/usr/lib/gcc/x86_64-linux-gnu/5/../../.. /tmp/cctXItWl.o -lgfortran -lm -lgcc_s -lgcc -lquadmath -lm -lgcc_s -lgcc -lc -lgcc_s -lgcc /usr/lib/gcc/x86_64-linux-gnu/5/crtend.o /usr/lib/gcc/x86_64-linux-gnu/5/../../../x86_64-linux-gnu/crtn.o


Compilation of the Fortran compiler identification source "CMakeFortranCompilerId.F" produced "a.out"

The Fortran compiler identification is GNU, found in "/home/tanmay/catkin_ws/src/slam_test/pkg_extra/eigen-3.2.10/build/CMakeFiles/3.5.1/CompilerIdFortran/a.out"

Determining if the Fortran compiler works passed with the following output:
Change Dir: /home/tanmay/catkin_ws/src/slam_test/pkg_extra/eigen-3.2.10/build/CMakeFiles/CMakeTmp

Run Build Command:"/usr/bin/make" "cmTC_21f5b/fast"
/usr/bin/make -f CMakeFiles/cmTC_21f5b.dir/build.make CMakeFiles/cmTC_21f5b.dir/build
make[1]: Entering directory '/home/tanmay/catkin_ws/src/slam_test/pkg_extra/eigen-3.2.10/build/CMakeFiles/CMakeTmp'
Building Fortran object CMakeFiles/cmTC_21f5b.dir/testFortranCompiler.f.o
/usr/bin/gfortran     -c /home/tanmay/catkin_ws/src/slam_test/pkg_extra/eigen-3.2.10/build/CMakeFiles/CMakeTmp/testFortranCompiler.f -o CMakeFiles/cmTC_21f5b.dir/testFortranCompiler.f.o
Linking Fortran executable cmTC_21f5b
/usr/bin/cmake -E cmake_link_script CMakeFiles/cmTC_21f5b.dir/link.txt --verbose=1
/usr/bin/gfortran       CMakeFiles/cmTC_21f5b.dir/testFortranCompiler.f.o  -o cmTC_21f5b  
make[1]: Leaving directory '/home/tanmay/catkin_ws/src/slam_test/pkg_extra/eigen-3.2.10/build/CMakeFiles/CMakeTmp'


Detecting Fortran compiler ABI info compiled with the following output:
Change Dir: /home/tanmay/catkin_ws/src/slam_test/pkg_extra/eigen-3.2.10/build/CMakeFiles/CMakeTmp

Run Build Command:"/usr/bin/make" "cmTC_68b75/fast"
/usr/bin/make -f CMakeFiles/cmTC_68b75.dir/build.make CMakeFiles/cmTC_68b75.dir/build
make[1]: Entering directory '/home/tanmay/catkin_ws/src/slam_test/pkg_extra/eigen-3.2.10/build/CMakeFiles/CMakeTmp'
Building Fortran object CMakeFiles/cmTC_68b75.dir/CMakeFortranCompilerABI.F.o
/usr/bin/gfortran     -c /usr/share/cmake-3.5/Modules/CMakeFortranCompilerABI.F -o CMakeFiles/cmTC_68b75.dir/CMakeFortranCompilerABI.F.o
Linking Fortran executable cmTC_68b75
/usr/bin/cmake -E cmake_link_script CMakeFiles/cmTC_68b75.dir/link.txt --verbose=1
/usr/bin/gfortran    -v   CMakeFiles/cmTC_68b75.dir/CMakeFortranCompilerABI.F.o  -o cmTC_68b75   
Driving: /usr/bin/gfortran -v CMakeFiles/cmTC_68b75.dir/CMakeFortranCompilerABI.F.o -o cmTC_68b75 -l gfortran -l m -shared-libgcc
Using built-in specs.
COLLECT_GCC=/usr/bin/gfortran
COLLECT_LTO_WRAPPER=/usr/lib/gcc/x86_64-linux-gnu/5/lto-wrapper
Target: x86_64-linux-gnu
Configured with: ../src/configure -v --with-pkgversion='Ubuntu 5.4.0-6ubuntu1~16.04.12' --with-bugurl=file:///usr/share/doc/gcc-5/README.Bugs --enable-languages=c,ada,c++,java,go,d,fortran,objc,obj-c++ --prefix=/usr --program-suffix=-5 --enable-shared --enable-linker-build-id --libexecdir=/usr/lib --without-included-gettext --enable-threads=posix --libdir=/usr/lib --enable-nls --with-sysroot=/ --enable-clocale=gnu --enable-libstdcxx-debug --enable-libstdcxx-time=yes --with-default-libstdcxx-abi=new --enable-gnu-unique-object --disable-vtable-verify --enable-libmpx --enable-plugin --with-system-zlib --disable-browser-plugin --enable-java-awt=gtk --enable-gtk-cairo --with-java-home=/usr/lib/jvm/java-1.5.0-gcj-5-amd64/jre --enable-java-home --with-jvm-root-dir=/usr/lib/jvm/java-1.5.0-gcj-5-amd64 --with-jvm-jar-dir=/usr/lib/jvm-exports/java-1.5.0-gcj-5-amd64 --with-arch-directory=amd64 --with-ecj-jar=/usr/share/java/eclipse-ecj.jar --enable-objc-gc --enable-multiarch --disable-werror --with-arch-32=i686 --with-abi=m64 --with-multilib-list=m32,m64,mx32 --enable-multilib --with-tune=generic --enable-checking=release --build=x86_64-linux-gnu --host=x86_64-linux-gnu --target=x86_64-linux-gnu
Thread model: posix
gcc version 5.4.0 20160609 (Ubuntu 5.4.0-6ubuntu1~16.04.12) 
Reading specs from /usr/lib/gcc/x86_64-linux-gnu/5/libgfortran.spec
rename spec lib to liborig
COLLECT_GCC_OPTIONS='-v' '-o' 'cmTC_68b75' '-shared-libgcc' '-mtune=generic' '-march=x86-64'
COMPILER_PATH=/usr/lib/gcc/x86_64-linux-gnu/5/:/usr/lib/gcc/x86_64-linux-gnu/5/:/usr/lib/gcc/x86_64-linux-gnu/:/usr/lib/gcc/x86_64-linux-gnu/5/:/usr/lib/gcc/x86_64-linux-gnu/
LIBRARY_PATH=/usr/lib/gcc/x86_64-linux-gnu/5/:/usr/lib/gcc/x86_64-linux-gnu/5/../../../x86_64-linux-gnu/:/usr/lib/gcc/x86_64-linux-gnu/5/../../../../lib/:/lib/x86_64-linux-gnu/:/lib/../lib/:/usr/lib/x86_64-linux-gnu/:/usr/lib/../lib/:/usr/lib/gcc/x86_64-linux-gnu/5/../../../:/lib/:/usr/lib/
COLLECT_GCC_OPTIONS='-v' '-o' 'cmTC_68b75' '-shared-libgcc' '-mtune=generic' '-march=x86-64'
 /usr/lib/gcc/x86_64-linux-gnu/5/collect2 -plugin /usr/lib/gcc/x86_64-linux-gnu/5/liblto_plugin.so -plugin-opt=/usr/lib/gcc/x86_64-linux-gnu/5/lto-wrapper -plugin-opt=-fresolution=/tmp/ccreC1rc.res -plugin-opt=-pass-through=-lgcc_s -plugin-opt=-pass-through=-lgcc -plugin-opt=-pass-through=-lquadmath -plugin-opt=-pass-through=-lm -plugin-opt=-pass-through=-lgcc_s -plugin-opt=-pass-through=-lgcc -plugin-opt=-pass-through=-lc -plugin-opt=-pass-through=-lgcc_s -plugin-opt=-pass-through=-lgcc --sysroot=/ --build-id --eh-frame-hdr -m elf_x86_64 --hash-style=gnu --as-needed -dynamic-linker /lib64/ld-linux-x86-64.so.2 -z relro -o cmTC_68b75 /usr/lib/gcc/x86_64-linux-gnu/5/../../../x86_64-linux-gnu/crt1.o /usr/lib/gcc/x86_64-linux-gnu/5/../../../x86_64-linux-gnu/crti.o /usr/lib/gcc/x86_64-linux-gnu/5/crtbegin.o -L/usr/lib/gcc/x86_64-linux-gnu/5 -L/usr/lib/gcc/x86_64-linux-gnu/5/../../../x86_64-linux-gnu -L/usr/lib/gcc/x86_64-linux-gnu/5/../../../../lib -L/lib/x86_64-linux-gnu -L/lib/../lib -L/usr/lib/x86_64-linux-gnu -L/usr/lib/../lib -L/usr/lib/gcc/x86_64-linux-gnu/5/../../.. CMakeFiles/cmTC_68b75.dir/CMakeFortranCompilerABI.F.o -lgfortran -lm -lgcc_s -lgcc -lquadmath -lm -lgcc_s -lgcc -lc -lgcc_s -lgcc /usr/lib/gcc/x86_64-linux-gnu/5/crtend.o /usr/lib/gcc/x86_64-linux-gnu/5/../../../x86_64-linux-gnu/crtn.o
make[1]: Leaving directory '/home/tanmay/catkin_ws/src/slam_test/pkg_extra/eigen-3.2.10/build/CMakeFiles/CMakeTmp'


Parsed Fortran implicit link information from above output:
  link line regex: [^( *|.*[/\])(ld|([^/\]+-)?ld|collect2)[^/\]*( |$)]
  ignore line: [Change Dir: /home/tanmay/catkin_ws/src/slam_test/pkg_extra/eigen-3.2.10/build/CMakeFiles/CMakeTmp]
  ignore line: []
  ignore line: [Run Build Command:"/usr/bin/make" "cmTC_68b75/fast"]
  ignore line: [/usr/bin/make -f CMakeFiles/cmTC_68b75.dir/build.make CMakeFiles/cmTC_68b75.dir/build]
  ignore line: [make[1]: Entering directory '/home/tanmay/catkin_ws/src/slam_test/pkg_extra/eigen-3.2.10/build/CMakeFiles/CMakeTmp']
  ignore line: [Building Fortran object CMakeFiles/cmTC_68b75.dir/CMakeFortranCompilerABI.F.o]
  ignore line: [/usr/bin/gfortran     -c /usr/share/cmake-3.5/Modules/CMakeFortranCompilerABI.F -o CMakeFiles/cmTC_68b75.dir/CMakeFortranCompilerABI.F.o]
  ignore line: [Linking Fortran executable cmTC_68b75]
  ignore line: [/usr/bin/cmake -E cmake_link_script CMakeFiles/cmTC_68b75.dir/link.txt --verbose=1]
  ignore line: [/usr/bin/gfortran    -v   CMakeFiles/cmTC_68b75.dir/CMakeFortranCompilerABI.F.o  -o cmTC_68b75   ]
  ignore line: [Driving: /usr/bin/gfortran -v CMakeFiles/cmTC_68b75.dir/CMakeFortranCompilerABI.F.o -o cmTC_68b75 -l gfortran -l m -shared-libgcc]
  ignore line: [Using built-in specs.]
  ignore line: [COLLECT_GCC=/usr/bin/gfortran]
  ignore line: [COLLECT_LTO_WRAPPER=/usr/lib/gcc/x86_64-linux-gnu/5/lto-wrapper]
  ignore line: [Target: x86_64-linux-gnu]
  ignore line: [Configured with: ../src/configure -v --with-pkgversion='Ubuntu 5.4.0-6ubuntu1~16.04.12' --with-bugurl=file:///usr/share/doc/gcc-5/README.Bugs --enable-languages=c,ada,c++,java,go,d,fortran,objc,obj-c++ --prefix=/usr --program-suffix=-5 --enable-shared --enable-linker-build-id --libexecdir=/usr/lib --without-included-gettext --enable-threads=posix --libdir=/usr/lib --enable-nls --with-sysroot=/ --enable-clocale=gnu --enable-libstdcxx-debug --enable-libstdcxx-time=yes --with-default-libstdcxx-abi=new --enable-gnu-unique-object --disable-vtable-verify --enable-libmpx --enable-plugin --with-system-zlib --disable-browser-plugin --enable-java-awt=gtk --enable-gtk-cairo --with-java-home=/usr/lib/jvm/java-1.5.0-gcj-5-amd64/jre --enable-java-home --with-jvm-root-dir=/usr/lib/jvm/java-1.5.0-gcj-5-amd64 --with-jvm-jar-dir=/usr/lib/jvm-exports/java-1.5.0-gcj-5-amd64 --with-arch-directory=amd64 --with-ecj-jar=/usr/share/java/eclipse-ecj.jar --enable-objc-gc --enable-multiarch --disable-werror --with-arch-32=i686 --with-abi=m64 --with-multilib-list=m32,m64,mx32 --enable-multilib --with-tune=generic --enable-checking=release --build=x86_64-linux-gnu --host=x86_64-linux-gnu --target=x86_64-linux-gnu]
  ignore line: [Thread model: posix]
  ignore line: [gcc version 5.4.0 20160609 (Ubuntu 5.4.0-6ubuntu1~16.04.12) ]
  ignore line: [Reading specs from /usr/lib/gcc/x86_64-linux-gnu/5/libgfortran.spec]
  ignore line: [rename spec lib to liborig]
  ignore line: [COLLECT_GCC_OPTIONS='-v' '-o' 'cmTC_68b75' '-shared-libgcc' '-mtune=generic' '-march=x86-64']
  ignore line: [COMPILER_PATH=/usr/lib/gcc/x86_64-linux-gnu/5/:/usr/lib/gcc/x86_64-linux-gnu/5/:/usr/lib/gcc/x86_64-linux-gnu/:/usr/lib/gcc/x86_64-linux-gnu/5/:/usr/lib/gcc/x86_64-linux-gnu/]
  ignore line: [LIBRARY_PATH=/usr/lib/gcc/x86_64-linux-gnu/5/:/usr/lib/gcc/x86_64-linux-gnu/5/../../../x86_64-linux-gnu/:/usr/lib/gcc/x86_64-linux-gnu/5/../../../../lib/:/lib/x86_64-linux-gnu/:/lib/../lib/:/usr/lib/x86_64-linux-gnu/:/usr/lib/../lib/:/usr/lib/gcc/x86_64-linux-gnu/5/../../../:/lib/:/usr/lib/]
  ignore line: [COLLECT_GCC_OPTIONS='-v' '-o' 'cmTC_68b75' '-shared-libgcc' '-mtune=generic' '-march=x86-64']
  link line: [ /usr/lib/gcc/x86_64-linux-gnu/5/collect2 -plugin /usr/lib/gcc/x86_64-linux-gnu/5/liblto_plugin.so -plugin-opt=/usr/lib/gcc/x86_64-linux-gnu/5/lto-wrapper -plugin-opt=-fresolution=/tmp/ccreC1rc.res -plugin-opt=-pass-through=-lgcc_s -plugin-opt=-pass-through=-lgcc -plugin-opt=-pass-through=-lquadmath -plugin-opt=-pass-through=-lm -plugin-opt=-pass-through=-lgcc_s -plugin-opt=-pass-through=-lgcc -plugin-opt=-pass-through=-lc -plugin-opt=-pass-through=-lgcc_s -plugin-opt=-pass-through=-lgcc --sysroot=/ --build-id --eh-frame-hdr -m elf_x86_64 --hash-style=gnu --as-needed -dynamic-linker /lib64/ld-linux-x86-64.so.2 -z relro -o cmTC_68b75 /usr/lib/gcc/x86_64-linux-gnu/5/../../../x86_64-linux-gnu/crt1.o /usr/lib/gcc/x86_64-linux-gnu/5/../../../x86_64-linux-gnu/crti.o /usr/lib/gcc/x86_64-linux-gnu/5/crtbegin.o -L/usr/lib/gcc/x86_64-linux-gnu/5 -L/usr/lib/gcc/x86_64-linux-gnu/5/../../../x86_64-linux-gnu -L/usr/lib/gcc/x86_64-linux-gnu/5/../../../../lib -L/lib/x86_64-linux-gnu -L/lib/../lib -L/usr/lib/x86_64-linux-gnu -L/usr/lib/../lib -L/usr/lib/gcc/x86_64-linux-gnu/5/../../.. CMakeFiles/cmTC_68b75.dir/CMakeFortranCompilerABI.F.o -lgfortran -lm -lgcc_s -lgcc -lquadmath -lm -lgcc_s -lgcc -lc -lgcc_s -lgcc /usr/lib/gcc/x86_64-linux-gnu/5/crtend.o /usr/lib/gcc/x86_64-linux-gnu/5/../../../x86_64-linux-gnu/crtn.o]
    arg [/usr/lib/gcc/x86_64-linux-gnu/5/collect2] ==> ignore
    arg [-plugin] ==> ignore
    arg [/usr/lib/gcc/x86_64-linux-gnu/5/liblto_plugin.so] ==> ignore
    arg [-plugin-opt=/usr/lib/gcc/x86_64-linux-gnu/5/lto-wrapper] ==> ignore
    arg [-plugin-opt=-fresolution=/tmp/ccreC1rc.res] ==> ignore
    arg [-plugin-opt=-pass-through=-lgcc_s] ==> ignore
    arg [-plugin-opt=-pass-through=-lgcc] ==> ignore
    arg [-plugin-opt=-pass-through=-lquadmath] ==> ignore
    arg [-plugin-opt=-pass-through=-lm] ==> ignore
    arg [-plugin-opt=-pass-through=-lgcc_s] ==> ignore
    arg [-plugin-opt=-pass-through=-lgcc] ==> ignore
    arg [-plugin-opt=-pass-through=-lc] ==> ignore
    arg [-plugin-opt=-pass-through=-lgcc_s] ==> ignore
    arg [-plugin-opt=-pass-through=-lgcc] ==> ignore
    arg [--sysroot=/] ==> ignore
    arg [--build-id] ==> ignore
    arg [--eh-frame-hdr] ==> ignore
    arg [-m] ==> ignore
    arg [elf_x86_64] ==> ignore
    arg [--hash-style=gnu] ==> ignore
    arg [--as-needed] ==> ignore
    arg [-dynamic-linker] ==> ignore
    arg [/lib64/ld-linux-x86-64.so.2] ==> ignore
    arg [-zrelro] ==> ignore
    arg [-o] ==> ignore
    arg [cmTC_68b75] ==> ignore
    arg [/usr/lib/gcc/x86_64-linux-gnu/5/../../../x86_64-linux-gnu/crt1.o] ==> ignore
    arg [/usr/lib/gcc/x86_64-linux-gnu/5/../../../x86_64-linux-gnu/crti.o] ==> ignore
    arg [/usr/lib/gcc/x86_64-linux-gnu/5/crtbegin.o] ==> ignore
    arg [-L/usr/lib/gcc/x86_64-linux-gnu/5] ==> dir [/usr/lib/gcc/x86_64-linux-gnu/5]
    arg [-L/usr/lib/gcc/x86_64-linux-gnu/5/../../../x86_64-linux-gnu] ==> dir [/usr/lib/gcc/x86_64-linux-gnu/5/../../../x86_64-linux-gnu]
    arg [-L/usr/lib/gcc/x86_64-linux-gnu/5/../../../../lib] ==> dir [/usr/lib/gcc/x86_64-linux-gnu/5/../../../../lib]
    arg [-L/lib/x86_64-linux-gnu] ==> dir [/lib/x86_64-linux-gnu]
    arg [-L/lib/../lib] ==> dir [/lib/../lib]
    arg [-L/usr/lib/x86_64-linux-gnu] ==> dir [/usr/lib/x86_64-linux-gnu]
    arg [-L/usr/lib/../lib] ==> dir [/usr/lib/../lib]
    arg [-L/usr/lib/gcc/x86_64-linux-gnu/5/../../..] ==> dir [/usr/lib/gcc/x86_64-linux-gnu/5/../../..]
    arg [CMakeFiles/cmTC_68b75.dir/CMakeFortranCompilerABI.F.o] ==> ignore
    arg [-lgfortran] ==> lib [gfortran]
    arg [-lm] ==> lib [m]
    arg [-lgcc_s] ==> lib [gcc_s]
    arg [-lgcc] ==> lib [gcc]
    arg [-lquadmath] ==> lib [quadmath]
    arg [-lm] ==> lib [m]
    arg [-lgcc_s] ==> lib [gcc_s]
    arg [-lgcc] ==> lib [gcc]
    arg [-lc] ==> lib [c]
    arg [-lgcc_s] ==> lib [gcc_s]
    arg [-lgcc] ==> lib [gcc]
    arg [/usr/lib/gcc/x86_64-linux-gnu/5/crtend.o] ==> ignore
    arg [/usr/lib/gcc/x86_64-linux-gnu/5/../../../x86_64-linux-gnu/crtn.o] ==> ignore
  remove lib [gcc_s]
  remove lib [gcc]
  remove lib [gcc_s]
  remove lib [gcc]
  remove lib [gcc_s]
  remove lib [gcc]
  collapse library dir [/usr/lib/gcc/x86_64-linux-gnu/5] ==> [/usr/lib/gcc/x86_64-linux-gnu/5]
  collapse library dir [/usr/lib/gcc/x86_64-linux-gnu/5/../../../x86_64-linux-gnu] ==> [/usr/lib/x86_64-linux-gnu]
  collapse library dir [/usr/lib/gcc/x86_64-linux-gnu/5/../../../../lib] ==> [/usr/lib]
  collapse library dir [/lib/x86_64-linux-gnu] ==> [/lib/x86_64-linux-gnu]
  collapse library dir [/lib/../lib] ==> [/lib]
  collapse library dir [/usr/lib/x86_64-linux-gnu] ==> [/usr/lib/x86_64-linux-gnu]
  collapse library dir [/usr/lib/../lib] ==> [/usr/lib]
  collapse library dir [/usr/lib/gcc/x86_64-linux-gnu/5/../../..] ==> [/usr/lib]
  implicit libs: [gfortran;m;quadmath;m;c]
  implicit dirs: [/usr/lib/gcc/x86_64-linux-gnu/5;/usr/lib/x86_64-linux-gnu;/usr/lib;/lib/x86_64-linux-gnu;/lib]
  implicit fwks: []


Determining if the Fortran compiler supports Fortran 90 passed with the following output:
Change Dir: /home/tanmay/catkin_ws/src/slam_test/pkg_extra/eigen-3.2.10/build/CMakeFiles/CMakeTmp

Run Build Command:"/usr/bin/make" "cmTC_c78fa/fast"
/usr/bin/make -f CMakeFiles/cmTC_c78fa.dir/build.make CMakeFiles/cmTC_c78fa.dir/build
make[1]: Entering directory '/home/tanmay/catkin_ws/src/slam_test/pkg_extra/eigen-3.2.10/build/CMakeFiles/CMakeTmp'
Building Fortran object CMakeFiles/cmTC_c78fa.dir/testFortranCompilerF90.f90.o
/usr/bin/gfortran     -c /home/tanmay/catkin_ws/src/slam_test/pkg_extra/eigen-3.2.10/build/CMakeFiles/CMakeTmp/testFortranCompilerF90.f90 -o CMakeFiles/cmTC_c78fa.dir/testFortranCompilerF90.f90.o
Linking Fortran executable cmTC_c78fa
/usr/bin/cmake -E cmake_link_script CMakeFiles/cmTC_c78fa.dir/link.txt --verbose=1
/usr/bin/gfortran       CMakeFiles/cmTC_c78fa.dir/testFortranCompilerF90.f90.o  -o cmTC_c78fa  
make[1]: Leaving directory '/home/tanmay/catkin_ws/src/slam_test/pkg_extra/eigen-3.2.10/build/CMakeFiles/CMakeTmp'


